16-11-2023 07:49:39 - verbose: Arguments:
16-11-2023 07:49:39 - verbose:   C:\ProgramData\cocos\editors\Creator\3.7.3\CocosCreator.exe: true
16-11-2023 07:49:39 - verbose:   project: C:\Users\jmluc\FracturableObjects
16-11-2023 07:49:39 - verbose:   can-show-upgrade-dialog: true
16-11-2023 07:49:39 - verbose:   dev: false
16-11-2023 07:49:39 - verbose:   home: C:\Users\jmluc\.CocosCreator
16-11-2023 07:49:39 - verbose:  
16-11-2023 07:49:43 - verbose: [Package] menu@1.0.0 enable
16-11-2023 07:49:43 - verbose: [Package] profile@1.0.0 enable
16-11-2023 07:49:43 - verbose: [Package] project@1.0.4 enable
16-11-2023 07:49:43 - verbose: [Package] messages@1.0.0 enable
16-11-2023 07:49:43 - verbose: [Package] program@1.0.3 enable
16-11-2023 07:49:44 - verbose: [Package] tester@1.0.0 enable
16-11-2023 07:49:44 - verbose: [Package] information@1.0.0 enable
16-11-2023 07:49:44 - verbose: [Package] preferences@1.0.0 enable
16-11-2023 07:49:47 - log: Load engine in C:\ProgramData\cocos\editors\Creator\3.7.3\resources\resources\3d\engine
16-11-2023 07:49:48 - log: Profile changed: engine (modules.includeModules: 2d,animation,audio,base,dragon-bones,gfx-webgl,gfx-webgl2,intersection-2d,particle-2d,physics-2d-box2d,profiler,spine,tiled-map,tween,ui,video,webview)
16-11-2023 07:49:48 - log: Register native engine in C:\ProgramData\cocos\editors\Creator\3.7.3\resources\resources\3d\engine\native
16-11-2023 07:49:48 - verbose: [Package] engine@1.0.7 enable
16-11-2023 07:49:49 - verbose: [Package] programming@1.0.0 enable
16-11-2023 07:49:49 - verbose: [Package] device@1.0.1 enable
16-11-2023 07:49:49 - verbose: [Package] ui-kit@1.0.1 enable
16-11-2023 07:49:49 - verbose: [Package] asset-db@1.0.0 enable
16-11-2023 07:49:49 - verbose: [Package] scene@1.0.0 enable
16-11-2023 07:49:50 - verbose: [Package] server@1.0.0 enable
16-11-2023 07:49:50 - verbose: [Package] utils@1.0.0 enable
16-11-2023 07:50:11 - verbose: [Package] preview@1.0.1 enable
16-11-2023 07:50:11 - verbose: [Package] animator@1.0.0 enable
16-11-2023 07:50:11 - verbose: [Build-plugin] register pkg scene: 2ms
16-11-2023 07:50:11 - verbose: Builder PluginManager init: 3ms
16-11-2023 07:50:11 - verbose: [Package] builder@1.3.5 enable
16-11-2023 07:50:12 - verbose: [Package] shortcuts@1.0.1 enable
16-11-2023 07:50:12 - verbose: [Package] animation-graph@1.0.0 enable
16-11-2023 07:50:12 - verbose: [Package] about@1.0.2 enable
16-11-2023 07:50:12 - verbose: [Package] assets@1.0.0 enable
16-11-2023 07:50:12 - verbose: [Package] console@1.0.0 enable
16-11-2023 07:50:13 - verbose: [Package] crash-reporter@1.0.0 enable
16-11-2023 07:50:14 - verbose: [Package] extension@3.1.1 enable
16-11-2023 07:50:14 - verbose: [Package] hierarchy@1.0.0 enable
16-11-2023 07:50:14 - verbose: [Package] inspector@1.0.0 enable
16-11-2023 07:50:14 - verbose: [Package] light-probe@1.0.4 enable
16-11-2023 07:50:14 - verbose: [Package] lightmap@1.0.4 enable
16-11-2023 07:50:14 - verbose: [Package] node-library@1.0.1 enable
16-11-2023 07:50:14 - verbose: [Package] package-asset@1.0.1 enable
16-11-2023 07:50:14 - verbose: [Package] process@1.0.0 enable
16-11-2023 07:50:14 - verbose: [Package] reference-image@1.0.0 enable
16-11-2023 07:50:14 - verbose: [Package] reflection-probe@1.0.4 enable
16-11-2023 07:50:14 - verbose: [Package] engine-extends@1.0.0 enable
16-11-2023 07:50:14 - verbose: [Package] alipay-mini-game@1.0.1 enable
16-11-2023 07:50:14 - verbose: [Package] android@1.0.1 enable
16-11-2023 07:50:14 - verbose: [Package] bytedance-mini-game@1.0.2 enable
16-11-2023 07:50:14 - verbose: [Package] certificate@1.0.0 enable
16-11-2023 07:50:14 - verbose: [Package] channel-upload-tools@1.0.0 enable
16-11-2023 07:50:14 - verbose: [Package] fb-instant-games@1.0.0 enable
16-11-2023 07:50:14 - verbose: [Package] huawei-agc@1.0.0 enable
16-11-2023 07:50:15 - verbose: [Package] huawei-quick-game@1.0.1 enable
16-11-2023 07:50:15 - verbose: [Package] ios@1.0.0 enable
16-11-2023 07:50:15 - verbose: [Package] linux@1.0.0 enable
16-11-2023 07:50:15 - verbose: [Package] mac@1.0.0 enable
16-11-2023 07:50:15 - verbose: [Package] native@1.0.2 enable
16-11-2023 07:50:15 - verbose: [Build-plugin] register pkg native: 166ms
16-11-2023 07:50:15 - verbose: [Package] ohos@1.0.0 enable
16-11-2023 07:50:15 - verbose: [Package] open-harmonyos@1.0.0 enable
16-11-2023 07:50:15 - verbose: [Package] oppo-mini-game@1.0.1 enable
16-11-2023 07:50:15 - verbose: [Build-plugin] register pkg alipay-mini-game: 1010ms
16-11-2023 07:50:15 - verbose: [Package] runtime-dev-tools@1.0.0 enable
16-11-2023 07:50:15 - verbose: [Package] taobao-creative-app@1.0.0 enable
16-11-2023 07:50:15 - verbose: [Package] taobao-mini-game@1.0.0 enable
16-11-2023 07:50:15 - verbose: [Package] vivo-mini-game@1.0.1 enable
16-11-2023 07:50:15 - verbose: [Package] web-desktop@1.0.1 enable
16-11-2023 07:50:15 - verbose: [Build-plugin] register pkg android: 1170ms
16-11-2023 07:50:15 - verbose: [Build-plugin] register pkg fb-instant-games: 972ms
16-11-2023 07:50:15 - verbose: [Package] web-mobile@1.0.1 enable
16-11-2023 07:50:16 - verbose: [Build-plugin] register pkg bytedance-mini-game: 1135ms
16-11-2023 07:50:19 - verbose: [Package] cocos-service@3.0.7 enable
16-11-2023 07:50:19 - verbose: [Build-plugin] register pkg cocos-service: 125ms
16-11-2023 07:50:19 - verbose: [Package] wechatgame@1.0.2 enable
16-11-2023 07:50:19 - verbose: [Build-plugin] register pkg huawei-agc: 4853ms
16-11-2023 07:50:19 - verbose: [Build-plugin] register pkg mac: 4732ms
16-11-2023 07:50:19 - verbose: [Build-plugin] register pkg taobao-mini-game: 4104ms
16-11-2023 07:50:19 - verbose: [Build-plugin] register pkg ohos: 4238ms
16-11-2023 07:50:19 - verbose: [Build-plugin] register pkg vivo-mini-game: 4089ms
16-11-2023 07:50:19 - verbose: [Build-plugin] register pkg oppo-mini-game: 4201ms
16-11-2023 07:50:19 - verbose: [Build-plugin] register pkg ios: 4819ms
16-11-2023 07:50:19 - verbose: [Build-plugin] register pkg huawei-quick-game: 4863ms
16-11-2023 07:50:19 - verbose: [Build-plugin] register pkg taobao-creative-app: 4166ms
16-11-2023 07:50:19 - verbose: asset-db is ready!
16-11-2023 07:50:19 - verbose: [Package] wechatprogram@1.0.2 enable
16-11-2023 07:50:19 - verbose: [Package] windows@1.0.1 enable
16-11-2023 07:50:20 - verbose: [Package] xiaomi-quick-game@1.0.1 enable
16-11-2023 07:50:21 - verbose: [Package] im-plugin@3.0.10 enable
16-11-2023 07:50:21 - verbose: [Build-plugin] register pkg web-desktop: 6096ms
16-11-2023 07:50:22 - verbose: [Build-plugin] register pkg web-mobile: 6019ms
16-11-2023 07:50:22 - verbose: [Build-plugin] register pkg wechatgame: 2212ms
16-11-2023 07:50:22 - verbose: [Build-plugin] register pkg windows: 2048ms
16-11-2023 07:50:22 - verbose: [Package] utester@1.0.0 enable
16-11-2023 07:50:22 - verbose: [Package] placeholder@1.0.0 enable
16-11-2023 07:50:22 - verbose: [Build-plugin] register pkg xiaomi-quick-game: 2474ms
16-11-2023 07:50:30 - info: [Scene] [Physics][Bullet]: Using asmjs Bullet libs.
16-11-2023 07:50:30 - info: [Scene] [PHYSICS]: using builtin.
16-11-2023 07:50:32 - log: [Scene] Cocos Creator v3.7.3
16-11-2023 07:50:32 - info: [Scene] Forward render pipeline initialized.
16-11-2023 07:50:32 - log: [Scene] PROPERTY KEY: Tess_ExpectedTrianglesTest_Test
16-11-2023 07:50:32 - log: [Scene] PROPERTY KEY: Tess_2_ExpectedTrianglesTest_Test
16-11-2023 07:50:32 - log: [Scene] PROPERTY KEY: Tess_2_ExpectedTrissdfsdfTest_Test
16-11-2023 07:50:32 - log: [Scene] PROPERTY KEY: Tess_2_ExpectedTrissdasdasdfsdfTest_Test
16-11-2023 07:50:32 - info: [Scene] [PHYSICS2D]: switch from builtin to box2d.
16-11-2023 07:52:48 - log: [Scene] ONLOAD ---
16-11-2023 07:52:48 - log: [Scene] ANCESTOR
16-11-2023 07:52:48 - log: [Scene] [
  Vec2 { x: 0, y: 0 },
  Vec2 { x: 20, y: 0 },
  Vec2 { x: 40, y: 0 },
  Vec2 { x: 40, y: 20 },
  Vec2 { x: 40, y: 40 },
  Vec2 { x: 20, y: 40 },
  Vec2 { x: 0, y: 40 },
  Vec2 { x: 0, y: 20 }
]
16-11-2023 07:52:48 - log: [Scene] ON ENABLE
16-11-2023 07:52:48 - log: [Scene] ON START
16-11-2023 07:53:47 - log: [Window] Deprecated as of 10.7.0. highlight(lang, code, ...args) has been deprecated.
16-11-2023 07:53:47 - log: [Window] Deprecated as of 10.7.0. Please use highlight(code, options) instead.
https://github.com/highlightjs/highlight.js/issues/2277
16-11-2023 07:57:12 - log: OPENENING
16-11-2023 07:57:16 - log: [Window] Deprecated as of 10.7.0. highlight(lang, code, ...args) has been deprecated.
16-11-2023 07:57:16 - log: [Window] Deprecated as of 10.7.0. Please use highlight(code, options) instead.
https://github.com/highlightjs/highlight.js/issues/2277
16-11-2023 07:57:16 - log: [Window] INFO TREE
16-11-2023 07:57:16 - log: [Window] {
  name: '~~ UTester Node ~~',
  active: true,
  locked: false,
  type: 'cc.Node',
  uuid: '99NU663HpNg45CZ+1iZENU',
  children: [],
  prefab: {
    state: 0,
    isUnwrappable: false,
    isRevertable: false,
    isApplicable: false,
    isAddedChild: false,
    assetUuid: ''
  },
  parent: 'f02deb64-e971-42b9-aa77-ab54ab789347',
  path: '~~ UTester Node ~~',
  isScene: false,
  readonly: false,
  components: [
    {
      type: 'TessToJsonTest',
      value: '65uQtKbTFBJ4pvWAcOAABe',
      extends: [Array]
    }
  ]
}
16-11-2023 07:57:16 - log: [Window] ..............
16-11-2023 07:57:28 - log: [Window] uuidTesNode: 99NU663HpNg45CZ+1iZENU
16-11-2023 07:57:28 - log: [Window] TRUE NAME? TessToJsonTest.ts
16-11-2023 07:57:28 - log: [Window] INFO TREE
16-11-2023 07:57:28 - log: [Window] {
  name: '~~ UTester Node ~~',
  active: true,
  locked: false,
  type: 'cc.Node',
  uuid: '99NU663HpNg45CZ+1iZENU',
  children: [],
  prefab: {
    state: 0,
    isUnwrappable: false,
    isRevertable: false,
    isApplicable: false,
    isAddedChild: false,
    assetUuid: ''
  },
  parent: 'f02deb64-e971-42b9-aa77-ab54ab789347',
  path: '~~ UTester Node ~~',
  isScene: false,
  readonly: false,
  components: [
    {
      type: 'TessToJsonTest',
      value: '65uQtKbTFBJ4pvWAcOAABe',
      extends: [Array]
    }
  ]
}
16-11-2023 07:57:28 - log: [Window] ..............
16-11-2023 07:57:30 - log: [Window] TEST SELECCIONADO: TessToJsonTest
16-11-2023 07:57:30 - log: [Window] BUTTON PRESSED
16-11-2023 07:57:30 - log: [Window] 
16-11-2023 07:57:30 - log: [Window] EXIST!
16-11-2023 07:57:30 - log: [Window] SELECTED :TessToJsonTest
16-11-2023 07:57:30 - log: [Window] THE SELECTED: 65uQtKbTFBJ4pvWAcOAABe
16-11-2023 07:57:30 - log: [Scene] CALLED GET INSTANCE
16-11-2023 07:57:30 - log: [Scene] CANT OF OBJECTS: 14
16-11-2023 07:57:30 - log: [Scene] TRIANGLES
16-11-2023 07:57:30 - log: [Scene] TRIANGLE :: (40,40,true)|(20,40,true)|(20,20,false)
,TRIANGLE :: (20,40,true)|(0,40,true)|(0,20,true)
,TRIANGLE :: (0,20,true)|(0,0,true)|(20,20,false)
,TRIANGLE :: (20,20,false)|(20,40,true)|(0,20,true)
,TRIANGLE :: (0,0,true)|(20,0,true)|(20,20,false)
,TRIANGLE :: (20,0,true)|(40,0,true)|(40,20,true)
,TRIANGLE :: (40,20,true)|(40,40,true)|(20,20,false)
,TRIANGLE :: (20,20,false)|(20,0,true)|(40,20,true)

16-11-2023 07:57:30 - log: [Scene] TRIANGLE :: (40,40,true)|(20,40,true)|(20,20,false)
,TRIANGLE :: (20,40,true)|(0,40,true)|(0,20,true)
,TRIANGLE :: (0,20,true)|(0,0,true)|(20,20,false)
,TRIANGLE :: (20,20,false)|(20,40,true)|(0,20,true)
,TRIANGLE :: (0,0,true)|(20,0,true)|(20,20,false)
,TRIANGLE :: (20,0,true)|(40,0,true)|(40,20,true)
,TRIANGLE :: (40,20,true)|(40,40,true)|(20,20,false)
,TRIANGLE :: (20,20,false)|(20,0,true)|(40,20,true)

16-11-2023 07:57:30 - log: [Scene] TRIANGLE :: (40,40,true)|(20,40,true)|(20,20,false)
,TRIANGLE :: (20,40,true)|(0,40,true)|(0,20,true)
,TRIANGLE :: (0,20,true)|(0,0,true)|(20,20,false)
,TRIANGLE :: (20,20,false)|(20,40,true)|(0,20,true)
,TRIANGLE :: (0,0,true)|(20,0,true)|(20,20,false)
,TRIANGLE :: (20,0,true)|(40,0,true)|(40,20,true)
,TRIANGLE :: (40,20,true)|(40,40,true)|(20,20,false)
,TRIANGLE :: (20,20,false)|(20,0,true)|(40,20,true)

16-11-2023 07:57:30 - log: [Scene] TRIANGLE :: (40,40,true)|(20,40,true)|(20,20,false)
,TRIANGLE :: (20,40,true)|(0,40,true)|(0,20,true)
,TRIANGLE :: (0,20,true)|(0,0,true)|(20,20,false)
,TRIANGLE :: (20,20,false)|(20,40,true)|(0,20,true)
,TRIANGLE :: (0,0,true)|(20,0,true)|(20,20,false)
,TRIANGLE :: (20,0,true)|(40,0,true)|(40,20,true)
,TRIANGLE :: (40,20,true)|(40,40,true)|(20,20,false)
,TRIANGLE :: (20,20,false)|(20,0,true)|(40,20,true)

16-11-2023 07:57:30 - log: [Scene] TRIANGLE :: (40,40,true)|(20,40,true)|(20,20,false)
,TRIANGLE :: (20,40,true)|(0,40,true)|(0,20,true)
,TRIANGLE :: (0,20,true)|(0,0,true)|(20,20,false)
,TRIANGLE :: (20,20,false)|(20,40,true)|(0,20,true)
,TRIANGLE :: (0,0,true)|(20,0,true)|(20,20,false)
,TRIANGLE :: (20,0,true)|(40,0,true)|(40,20,true)
,TRIANGLE :: (40,20,true)|(40,40,true)|(20,20,false)
,TRIANGLE :: (20,20,false)|(20,0,true)|(40,20,true)

16-11-2023 07:57:30 - log: [Scene] TRIANGLE :: (40,40,true)|(20,40,true)|(20,20,false)
,TRIANGLE :: (20,40,true)|(0,40,true)|(0,20,true)
,TRIANGLE :: (0,20,true)|(0,0,true)|(20,20,false)
,TRIANGLE :: (20,20,false)|(20,40,true)|(0,20,true)
,TRIANGLE :: (0,0,true)|(20,0,true)|(20,20,false)
,TRIANGLE :: (20,0,true)|(40,0,true)|(40,20,true)
,TRIANGLE :: (40,20,true)|(40,40,true)|(20,20,false)
,TRIANGLE :: (20,20,false)|(20,0,true)|(40,20,true)

16-11-2023 07:57:30 - log: [Scene] TRIANGLE :: (40,40,true)|(20,40,true)|(20,20,false)
,TRIANGLE :: (20,40,true)|(0,40,true)|(0,20,true)
,TRIANGLE :: (0,20,true)|(0,0,true)|(20,20,false)
,TRIANGLE :: (20,20,false)|(20,40,true)|(0,20,true)
,TRIANGLE :: (0,0,true)|(20,0,true)|(20,20,false)
,TRIANGLE :: (20,0,true)|(40,0,true)|(40,20,true)
,TRIANGLE :: (40,20,true)|(40,40,true)|(20,20,false)
,TRIANGLE :: (20,20,false)|(20,0,true)|(40,20,true)

16-11-2023 07:57:30 - log: [Scene] TRIANGLE :: (40,40,true)|(20,40,true)|(20,20,false)
,TRIANGLE :: (20,40,true)|(0,40,true)|(0,20,true)
,TRIANGLE :: (0,20,true)|(0,0,true)|(20,20,false)
,TRIANGLE :: (20,20,false)|(20,40,true)|(0,20,true)
,TRIANGLE :: (0,0,true)|(20,0,true)|(20,20,false)
,TRIANGLE :: (20,0,true)|(40,0,true)|(40,20,true)
,TRIANGLE :: (40,20,true)|(40,40,true)|(20,20,false)
,TRIANGLE :: (20,20,false)|(20,0,true)|(40,20,true)

16-11-2023 07:57:30 - log: [Scene] ALL POINTS
16-11-2023 07:57:30 - log: [Scene] Set(9) {
  <ref *1> TessPoint {
    point: Vec2 { x: 0, y: 0 },
    sucessor: TessPoint {
      point: [Vec2],
      sucessor: [TessPoint],
      predecessor: [Circular *1],
      links: [Set],
      border: true,
      toString: [Function (anonymous)]
    },
    predecessor: TessPoint {
      point: [Vec2],
      sucessor: [Circular *1],
      predecessor: [TessPoint],
      links: [Set],
      border: true,
      toString: [Function (anonymous)]
    },
    links: Set(3) { [TessPoint], [TessPoint], [TessPoint] },
    border: true,
    toString: [Function (anonymous)]
  },
  <ref *2> TessPoint {
    point: Vec2 { x: 20, y: 0 },
    sucessor: TessPoint {
      point: [Vec2],
      sucessor: [TessPoint],
      predecessor: [Circular *2],
      links: [Set],
      border: true,
      toString: [Function (anonymous)]
    },
    predecessor: <ref *1> TessPoint {
      point: [Vec2],
      sucessor: [Circular *2],
      predecessor: [TessPoint],
      links: [Set],
      border: true,
      toString: [Function (anonymous)]
    },
    links: Set(4) { [TessPoint], [TessPoint], [TessPoint], [TessPoint] },
    border: true,
    toString: [Function (anonymous)]
  },
  <ref *3> TessPoint {
    point: Vec2 { x: 40, y: 0 },
    sucessor: TessPoint {
      point: [Vec2],
      sucessor: [TessPoint],
      predecessor: [Circular *3],
      links: [Set],
      border: true,
      toString: [Function (anonymous)]
    },
    predecessor: <ref *2> TessPoint {
      point: [Vec2],
      sucessor: [Circular *3],
      predecessor: [TessPoint],
      links: [Set],
      border: true,
      toString: [Function (anonymous)]
    },
    links: Set(2) { [TessPoint], [TessPoint] },
    border: true,
    toString: [Function (anonymous)]
  },
  <ref *4> TessPoint {
    point: Vec2 { x: 40, y: 20 },
    sucessor: TessPoint {
      point: [Vec2],
      sucessor: [TessPoint],
      predecessor: [Circular *4],
      links: [Set],
      border: true,
      toString: [Function (anonymous)]
    },
    predecessor: <ref *3> TessPoint {
      point: [Vec2],
      sucessor: [Circular *4],
      predecessor: [TessPoint],
      links: [Set],
      border: true,
      toString: [Function (anonymous)]
    },
    links: Set(4) { [TessPoint], [TessPoint], [TessPoint], [TessPoint] },
    border: true,
    toString: [Function (anonymous)]
  },
  <ref *5> TessPoint {
    point: Vec2 { x: 40, y: 40 },
    sucessor: TessPoint {
      point: [Vec2],
      sucessor: [TessPoint],
      predecessor: [Circular *5],
      links: [Set],
      border: true,
      toString: [Function (anonymous)]
    },
    predecessor: <ref *4> TessPoint {
      point: [Vec2],
      sucessor: [Circular *5],
      predecessor: [TessPoint],
      links: [Set],
      border: true,
      toString: [Function (anonymous)]
    },
    links: Set(3) { [TessPoint], [TessPoint], [TessPoint] },
    border: true,
    toString: [Function (anonymous)]
  },
  <ref *6> TessPoint {
    point: Vec2 { x: 20, y: 40 },
    sucessor: TessPoint {
      point: [Vec2],
      sucessor: [TessPoint],
      predecessor: [Circular *6],
      links: [Set],
      border: true,
      toString: [Function (anonymous)]
    },
    predecessor: <ref *5> TessPoint {
      point: [Vec2],
      sucessor: [Circular *6],
      predecessor: [TessPoint],
      links: [Set],
      border: true,
      toString: [Function (anonymous)]
    },
    links: Set(4) { [TessPoint], [TessPoint], [TessPoint], [TessPoint] },
    border: true,
    toString: [Function (anonymous)]
  },
  <ref *7> TessPoint {
    point: Vec2 { x: 0, y: 40 },
    sucessor: TessPoint {
      point: [Vec2],
      sucessor: [TessPoint],
      predecessor: [Circular *7],
      links: [Set],
      border: true,
      toString: [Function (anonymous)]
    },
    predecessor: <ref *6> TessPoint {
      point: [Vec2],
      sucessor: [Circular *7],
      predecessor: [TessPoint],
      links: [Set],
      border: true,
      toString: [Function (anonymous)]
    },
    links: Set(2) { [TessPoint], [TessPoint] },
    border: true,
    toString: [Function (anonymous)]
  },
  <ref *8> TessPoint {
    point: Vec2 { x: 0, y: 20 },
    sucessor: <ref *1> TessPoint {
      point: [Vec2],
      sucessor: [TessPoint],
      predecessor: [Circular *8],
      links: [Set],
      border: true,
      toString: [Function (anonymous)]
    },
    predecessor: <ref *7> TessPoint {
      point: [Vec2],
      sucessor: [Circular *8],
      predecessor: [TessPoint],
      links: [Set],
      border: true,
      toString: [Function (anonymous)]
    },
    links: Set(4) { [TessPoint], [TessPoint], [TessPoint], [TessPoint] },
    border: true,
    toString: [Function (anonymous)]
  },
  TessPoint {
    point: Vec2 { x: 20, y: 20 },
    sucessor: undefined,
    predecessor: undefined,
    links: Set(6) {
      [TessPoint],
      [TessPoint],
      [TessPoint],
      [TessPoint],
      [TessPoint],
      [TessPoint]
    },
    border: false,
    toString: [Function (anonymous)]
  }
}
16-11-2023 07:57:30 - log: [Scene] -----------------
16-11-2023 07:57:30 - log: [Scene] PUNTO: 0
16-11-2023 07:57:30 - log: [Scene] Vec2 { x: 0, y: 0 }
16-11-2023 07:57:30 - log: [Scene] PREDECESSOR: (0.00, 20.00)   SUCESSOR: (20.00, 0.00)
16-11-2023 07:57:30 - log: [Scene] PUNTO: 1
16-11-2023 07:57:30 - log: [Scene] Vec2 { x: 20, y: 0 }
16-11-2023 07:57:30 - log: [Scene] PREDECESSOR: (0.00, 0.00)   SUCESSOR: (40.00, 0.00)
16-11-2023 07:57:30 - log: [Scene] PUNTO: 2
16-11-2023 07:57:30 - log: [Scene] Vec2 { x: 40, y: 0 }
16-11-2023 07:57:30 - log: [Scene] PREDECESSOR: (20.00, 0.00)   SUCESSOR: (40.00, 20.00)
16-11-2023 07:57:30 - log: [Scene] PUNTO: 3
16-11-2023 07:57:30 - log: [Scene] Vec2 { x: 40, y: 20 }
16-11-2023 07:57:30 - log: [Scene] PREDECESSOR: (40.00, 0.00)   SUCESSOR: (40.00, 40.00)
16-11-2023 07:57:30 - log: [Scene] PUNTO: 4
16-11-2023 07:57:30 - log: [Scene] Vec2 { x: 40, y: 40 }
16-11-2023 07:57:30 - log: [Scene] PREDECESSOR: (40.00, 20.00)   SUCESSOR: (20.00, 40.00)
16-11-2023 07:57:30 - log: [Scene] PUNTO: 5
16-11-2023 07:57:30 - log: [Scene] Vec2 { x: 20, y: 40 }
16-11-2023 07:57:30 - log: [Scene] PREDECESSOR: (40.00, 40.00)   SUCESSOR: (0.00, 40.00)
16-11-2023 07:57:30 - log: [Scene] PUNTO: 6
16-11-2023 07:57:30 - log: [Scene] Vec2 { x: 0, y: 40 }
16-11-2023 07:57:30 - log: [Scene] PREDECESSOR: (20.00, 40.00)   SUCESSOR: (0.00, 20.00)
16-11-2023 07:57:30 - log: [Scene] PUNTO: 7
16-11-2023 07:57:30 - log: [Scene] Vec2 { x: 0, y: 20 }
16-11-2023 07:57:30 - log: [Scene] PREDECESSOR: (0.00, 40.00)   SUCESSOR: (0.00, 0.00)
16-11-2023 07:57:30 - log: [Scene] PUNTO: 8
16-11-2023 07:57:30 - log: [Scene] Vec2 { x: 20, y: 20 }
16-11-2023 07:57:30 - log: [Scene] [{"x":0,"y":0,"border":true,"links":[{"x":20,"y":20,"_angle":0.785}]},{"x":20,"y":0,"border":true,"links":[{"x":20,"y":20,"_angle":1.571},{"x":40,"y":20,"_angle":0.785}]},{"x":40,"y":0,"border":true,"links":[null]},{"x":40,"y":20,"border":true,"links":[{"x":20,"y":0,"_angle":3.927},{"x":20,"y":20,"_angle":3.142}]},{"x":40,"y":40,"border":true,"links":[{"x":20,"y":20,"_angle":3.927}]},{"x":20,"y":40,"border":true,"links":[{"x":20,"y":20,"_angle":4.712},{"x":0,"y":20,"_angle":3.927}]},{"x":0,"y":40,"border":true,"links":[null]},{"x":0,"y":20,"border":true,"links":[{"x":20,"y":40,"_angle":0.785},{"x":20,"y":20,"_angle":0}]},{"x":20,"y":20,"border":false,"links":[{"x":40,"y":40,"_angle":0.785},{"x":20,"y":40,"_angle":1.571},{"x":0,"y":20,"_angle":3.142},{"x":0,"y":0,"_angle":3.927},{"x":20,"y":0,"_angle":4.712},{"x":40,"y":20,"_angle":0}]}]
16-11-2023 07:57:30 - log: [Window] LLEGO DATA PARA DIBUJAR
16-11-2023 07:57:30 - log: [Window] ADENTRO DE DRAW RETURNED MESH DATA
16-11-2023 07:57:30 - log: [Window] DATA: [object Object]
16-11-2023 08:08:47 - log: [Window] BUTTON PRESSED
16-11-2023 08:08:47 - log: [Window] 
16-11-2023 08:08:47 - log: [Window] EXIST!
16-11-2023 08:08:47 - log: [Window] SELECTED :TessToJsonTest
16-11-2023 08:08:47 - log: [Window] THE SELECTED: 65uQtKbTFBJ4pvWAcOAABe
16-11-2023 08:08:47 - log: [Scene] CALLED GET INSTANCE
16-11-2023 08:08:47 - log: [Scene] CANT OF OBJECTS: 14
16-11-2023 08:08:47 - log: [Scene] TRIANGLES
16-11-2023 08:08:47 - log: [Scene] TRIANGLE :: (40,40,true)|(20,40,true)|(20,20,false)
,TRIANGLE :: (20,40,true)|(0,40,true)|(0,20,true)
,TRIANGLE :: (0,20,true)|(0,0,true)|(20,20,false)
,TRIANGLE :: (20,20,false)|(20,40,true)|(0,20,true)
,TRIANGLE :: (0,0,true)|(20,0,true)|(20,20,false)
,TRIANGLE :: (20,0,true)|(40,0,true)|(40,20,true)
,TRIANGLE :: (40,20,true)|(40,40,true)|(20,20,false)
,TRIANGLE :: (20,20,false)|(20,0,true)|(40,20,true)

16-11-2023 08:08:47 - log: [Scene] TRIANGLE :: (40,40,true)|(20,40,true)|(20,20,false)
,TRIANGLE :: (20,40,true)|(0,40,true)|(0,20,true)
,TRIANGLE :: (0,20,true)|(0,0,true)|(20,20,false)
,TRIANGLE :: (20,20,false)|(20,40,true)|(0,20,true)
,TRIANGLE :: (0,0,true)|(20,0,true)|(20,20,false)
,TRIANGLE :: (20,0,true)|(40,0,true)|(40,20,true)
,TRIANGLE :: (40,20,true)|(40,40,true)|(20,20,false)
,TRIANGLE :: (20,20,false)|(20,0,true)|(40,20,true)

16-11-2023 08:08:47 - log: [Scene] TRIANGLE :: (40,40,true)|(20,40,true)|(20,20,false)
,TRIANGLE :: (20,40,true)|(0,40,true)|(0,20,true)
,TRIANGLE :: (0,20,true)|(0,0,true)|(20,20,false)
,TRIANGLE :: (20,20,false)|(20,40,true)|(0,20,true)
,TRIANGLE :: (0,0,true)|(20,0,true)|(20,20,false)
,TRIANGLE :: (20,0,true)|(40,0,true)|(40,20,true)
,TRIANGLE :: (40,20,true)|(40,40,true)|(20,20,false)
,TRIANGLE :: (20,20,false)|(20,0,true)|(40,20,true)

16-11-2023 08:08:47 - log: [Scene] TRIANGLE :: (40,40,true)|(20,40,true)|(20,20,false)
,TRIANGLE :: (20,40,true)|(0,40,true)|(0,20,true)
,TRIANGLE :: (0,20,true)|(0,0,true)|(20,20,false)
,TRIANGLE :: (20,20,false)|(20,40,true)|(0,20,true)
,TRIANGLE :: (0,0,true)|(20,0,true)|(20,20,false)
,TRIANGLE :: (20,0,true)|(40,0,true)|(40,20,true)
,TRIANGLE :: (40,20,true)|(40,40,true)|(20,20,false)
,TRIANGLE :: (20,20,false)|(20,0,true)|(40,20,true)

16-11-2023 08:08:47 - log: [Scene] TRIANGLE :: (40,40,true)|(20,40,true)|(20,20,false)
,TRIANGLE :: (20,40,true)|(0,40,true)|(0,20,true)
,TRIANGLE :: (0,20,true)|(0,0,true)|(20,20,false)
,TRIANGLE :: (20,20,false)|(20,40,true)|(0,20,true)
,TRIANGLE :: (0,0,true)|(20,0,true)|(20,20,false)
,TRIANGLE :: (20,0,true)|(40,0,true)|(40,20,true)
,TRIANGLE :: (40,20,true)|(40,40,true)|(20,20,false)
,TRIANGLE :: (20,20,false)|(20,0,true)|(40,20,true)

16-11-2023 08:08:47 - log: [Scene] TRIANGLE :: (40,40,true)|(20,40,true)|(20,20,false)
,TRIANGLE :: (20,40,true)|(0,40,true)|(0,20,true)
,TRIANGLE :: (0,20,true)|(0,0,true)|(20,20,false)
,TRIANGLE :: (20,20,false)|(20,40,true)|(0,20,true)
,TRIANGLE :: (0,0,true)|(20,0,true)|(20,20,false)
,TRIANGLE :: (20,0,true)|(40,0,true)|(40,20,true)
,TRIANGLE :: (40,20,true)|(40,40,true)|(20,20,false)
,TRIANGLE :: (20,20,false)|(20,0,true)|(40,20,true)

16-11-2023 08:08:47 - log: [Scene] TRIANGLE :: (40,40,true)|(20,40,true)|(20,20,false)
,TRIANGLE :: (20,40,true)|(0,40,true)|(0,20,true)
,TRIANGLE :: (0,20,true)|(0,0,true)|(20,20,false)
,TRIANGLE :: (20,20,false)|(20,40,true)|(0,20,true)
,TRIANGLE :: (0,0,true)|(20,0,true)|(20,20,false)
,TRIANGLE :: (20,0,true)|(40,0,true)|(40,20,true)
,TRIANGLE :: (40,20,true)|(40,40,true)|(20,20,false)
,TRIANGLE :: (20,20,false)|(20,0,true)|(40,20,true)

16-11-2023 08:08:47 - log: [Scene] TRIANGLE :: (40,40,true)|(20,40,true)|(20,20,false)
,TRIANGLE :: (20,40,true)|(0,40,true)|(0,20,true)
,TRIANGLE :: (0,20,true)|(0,0,true)|(20,20,false)
,TRIANGLE :: (20,20,false)|(20,40,true)|(0,20,true)
,TRIANGLE :: (0,0,true)|(20,0,true)|(20,20,false)
,TRIANGLE :: (20,0,true)|(40,0,true)|(40,20,true)
,TRIANGLE :: (40,20,true)|(40,40,true)|(20,20,false)
,TRIANGLE :: (20,20,false)|(20,0,true)|(40,20,true)

16-11-2023 08:08:47 - log: [Scene] ALL POINTS
16-11-2023 08:08:47 - log: [Scene] Set(9) {
  <ref *1> TessPoint {
    point: Vec2 { x: 0, y: 0 },
    sucessor: TessPoint {
      point: [Vec2],
      sucessor: [TessPoint],
      predecessor: [Circular *1],
      links: [Set],
      border: true,
      toString: [Function (anonymous)]
    },
    predecessor: TessPoint {
      point: [Vec2],
      sucessor: [Circular *1],
      predecessor: [TessPoint],
      links: [Set],
      border: true,
      toString: [Function (anonymous)]
    },
    links: Set(3) { [TessPoint], [TessPoint], [TessPoint] },
    border: true,
    toString: [Function (anonymous)]
  },
  <ref *2> TessPoint {
    point: Vec2 { x: 20, y: 0 },
    sucessor: TessPoint {
      point: [Vec2],
      sucessor: [TessPoint],
      predecessor: [Circular *2],
      links: [Set],
      border: true,
      toString: [Function (anonymous)]
    },
    predecessor: <ref *1> TessPoint {
      point: [Vec2],
      sucessor: [Circular *2],
      predecessor: [TessPoint],
      links: [Set],
      border: true,
      toString: [Function (anonymous)]
    },
    links: Set(4) { [TessPoint], [TessPoint], [TessPoint], [TessPoint] },
    border: true,
    toString: [Function (anonymous)]
  },
  <ref *3> TessPoint {
    point: Vec2 { x: 40, y: 0 },
    sucessor: TessPoint {
      point: [Vec2],
      sucessor: [TessPoint],
      predecessor: [Circular *3],
      links: [Set],
      border: true,
      toString: [Function (anonymous)]
    },
    predecessor: <ref *2> TessPoint {
      point: [Vec2],
      sucessor: [Circular *3],
      predecessor: [TessPoint],
      links: [Set],
      border: true,
      toString: [Function (anonymous)]
    },
    links: Set(2) { [TessPoint], [TessPoint] },
    border: true,
    toString: [Function (anonymous)]
  },
  <ref *4> TessPoint {
    point: Vec2 { x: 40, y: 20 },
    sucessor: TessPoint {
      point: [Vec2],
      sucessor: [TessPoint],
      predecessor: [Circular *4],
      links: [Set],
      border: true,
      toString: [Function (anonymous)]
    },
    predecessor: <ref *3> TessPoint {
      point: [Vec2],
      sucessor: [Circular *4],
      predecessor: [TessPoint],
      links: [Set],
      border: true,
      toString: [Function (anonymous)]
    },
    links: Set(4) { [TessPoint], [TessPoint], [TessPoint], [TessPoint] },
    border: true,
    toString: [Function (anonymous)]
  },
  <ref *5> TessPoint {
    point: Vec2 { x: 40, y: 40 },
    sucessor: TessPoint {
      point: [Vec2],
      sucessor: [TessPoint],
      predecessor: [Circular *5],
      links: [Set],
      border: true,
      toString: [Function (anonymous)]
    },
    predecessor: <ref *4> TessPoint {
      point: [Vec2],
      sucessor: [Circular *5],
      predecessor: [TessPoint],
      links: [Set],
      border: true,
      toString: [Function (anonymous)]
    },
    links: Set(3) { [TessPoint], [TessPoint], [TessPoint] },
    border: true,
    toString: [Function (anonymous)]
  },
  <ref *6> TessPoint {
    point: Vec2 { x: 20, y: 40 },
    sucessor: TessPoint {
      point: [Vec2],
      sucessor: [TessPoint],
      predecessor: [Circular *6],
      links: [Set],
      border: true,
      toString: [Function (anonymous)]
    },
    predecessor: <ref *5> TessPoint {
      point: [Vec2],
      sucessor: [Circular *6],
      predecessor: [TessPoint],
      links: [Set],
      border: true,
      toString: [Function (anonymous)]
    },
    links: Set(4) { [TessPoint], [TessPoint], [TessPoint], [TessPoint] },
    border: true,
    toString: [Function (anonymous)]
  },
  <ref *7> TessPoint {
    point: Vec2 { x: 0, y: 40 },
    sucessor: TessPoint {
      point: [Vec2],
      sucessor: [TessPoint],
      predecessor: [Circular *7],
      links: [Set],
      border: true,
      toString: [Function (anonymous)]
    },
    predecessor: <ref *6> TessPoint {
      point: [Vec2],
      sucessor: [Circular *7],
      predecessor: [TessPoint],
      links: [Set],
      border: true,
      toString: [Function (anonymous)]
    },
    links: Set(2) { [TessPoint], [TessPoint] },
    border: true,
    toString: [Function (anonymous)]
  },
  <ref *8> TessPoint {
    point: Vec2 { x: 0, y: 20 },
    sucessor: <ref *1> TessPoint {
      point: [Vec2],
      sucessor: [TessPoint],
      predecessor: [Circular *8],
      links: [Set],
      border: true,
      toString: [Function (anonymous)]
    },
    predecessor: <ref *7> TessPoint {
      point: [Vec2],
      sucessor: [Circular *8],
      predecessor: [TessPoint],
      links: [Set],
      border: true,
      toString: [Function (anonymous)]
    },
    links: Set(4) { [TessPoint], [TessPoint], [TessPoint], [TessPoint] },
    border: true,
    toString: [Function (anonymous)]
  },
  TessPoint {
    point: Vec2 { x: 20, y: 20 },
    sucessor: undefined,
    predecessor: undefined,
    links: Set(6) {
      [TessPoint],
      [TessPoint],
      [TessPoint],
      [TessPoint],
      [TessPoint],
      [TessPoint]
    },
    border: false,
    toString: [Function (anonymous)]
  }
}
16-11-2023 08:08:47 - log: [Scene] -----------------
16-11-2023 08:08:47 - log: [Scene] PUNTO: 0
16-11-2023 08:08:47 - log: [Scene] Vec2 { x: 0, y: 0 }
16-11-2023 08:08:47 - log: [Scene] PREDECESSOR: (0.00, 20.00)   SUCESSOR: (20.00, 0.00)
16-11-2023 08:08:47 - log: [Scene] PUNTO: 1
16-11-2023 08:08:47 - log: [Scene] Vec2 { x: 20, y: 0 }
16-11-2023 08:08:47 - log: [Scene] PREDECESSOR: (0.00, 0.00)   SUCESSOR: (40.00, 0.00)
16-11-2023 08:08:47 - log: [Scene] PUNTO: 2
16-11-2023 08:08:47 - log: [Scene] Vec2 { x: 40, y: 0 }
16-11-2023 08:08:47 - log: [Scene] PREDECESSOR: (20.00, 0.00)   SUCESSOR: (40.00, 20.00)
16-11-2023 08:08:47 - log: [Scene] PUNTO: 3
16-11-2023 08:08:47 - log: [Scene] Vec2 { x: 40, y: 20 }
16-11-2023 08:08:47 - log: [Scene] PREDECESSOR: (40.00, 0.00)   SUCESSOR: (40.00, 40.00)
16-11-2023 08:08:47 - log: [Scene] PUNTO: 4
16-11-2023 08:08:47 - log: [Scene] Vec2 { x: 40, y: 40 }
16-11-2023 08:08:47 - log: [Scene] PREDECESSOR: (40.00, 20.00)   SUCESSOR: (20.00, 40.00)
16-11-2023 08:08:47 - log: [Scene] PUNTO: 5
16-11-2023 08:08:47 - log: [Scene] Vec2 { x: 20, y: 40 }
16-11-2023 08:08:47 - log: [Scene] PREDECESSOR: (40.00, 40.00)   SUCESSOR: (0.00, 40.00)
16-11-2023 08:08:47 - log: [Scene] PUNTO: 6
16-11-2023 08:08:47 - log: [Scene] Vec2 { x: 0, y: 40 }
16-11-2023 08:08:47 - log: [Scene] PREDECESSOR: (20.00, 40.00)   SUCESSOR: (0.00, 20.00)
16-11-2023 08:08:47 - log: [Scene] PUNTO: 7
16-11-2023 08:08:47 - log: [Scene] Vec2 { x: 0, y: 20 }
16-11-2023 08:08:47 - log: [Scene] PREDECESSOR: (0.00, 40.00)   SUCESSOR: (0.00, 0.00)
16-11-2023 08:08:47 - log: [Scene] PUNTO: 8
16-11-2023 08:08:47 - log: [Scene] Vec2 { x: 20, y: 20 }
16-11-2023 08:08:47 - log: [Scene] [{"x":0,"y":0,"border":true,"links":[{"x":20,"y":20,"_angle":0.785}]},{"x":20,"y":0,"border":true,"links":[{"x":20,"y":20,"_angle":1.571},{"x":40,"y":20,"_angle":0.785}]},{"x":40,"y":0,"border":true,"links":[null]},{"x":40,"y":20,"border":true,"links":[{"x":20,"y":0,"_angle":3.927},{"x":20,"y":20,"_angle":3.142}]},{"x":40,"y":40,"border":true,"links":[{"x":20,"y":20,"_angle":3.927}]},{"x":20,"y":40,"border":true,"links":[{"x":20,"y":20,"_angle":4.712},{"x":0,"y":20,"_angle":3.927}]},{"x":0,"y":40,"border":true,"links":[null]},{"x":0,"y":20,"border":true,"links":[{"x":20,"y":40,"_angle":0.785},{"x":20,"y":20,"_angle":0}]},{"x":20,"y":20,"border":false,"links":[{"x":40,"y":40,"_angle":0.785},{"x":20,"y":40,"_angle":1.571},{"x":0,"y":20,"_angle":3.142},{"x":0,"y":0,"_angle":3.927},{"x":20,"y":0,"_angle":4.712},{"x":40,"y":20,"_angle":0}]}]
16-11-2023 08:08:47 - log: [Window] LLEGO DATA PARA DIBUJAR
16-11-2023 08:08:47 - log: [Window] ADENTRO DE DRAW RETURNED MESH DATA
16-11-2023 08:08:47 - log: [Window] DATA: [object Object]
16-11-2023 08:08:48 - log: [Scene] PROPERTY KEY: Tess_ExpectedTrianglesTest_Test
16-11-2023 08:08:48 - log: [Scene] PROPERTY KEY: Tess_2_ExpectedTrianglesTest_Test
16-11-2023 08:08:48 - log: [Scene] PROPERTY KEY: Tess_2_ExpectedTrissdfsdfTest_Test
16-11-2023 08:08:48 - log: [Scene] PROPERTY KEY: Tess_2_ExpectedTrissdasdasdfsdfTest_Test
16-11-2023 08:08:48 - log: [Scene] ONLOAD ---
16-11-2023 08:08:48 - log: [Scene] ANCESTOR
16-11-2023 08:08:48 - log: [Scene] [
  Vec2 { x: 0, y: 0 },
  Vec2 { x: 20, y: 0 },
  Vec2 { x: 40, y: 0 },
  Vec2 { x: 40, y: 20 },
  Vec2 { x: 40, y: 40 },
  Vec2 { x: 20, y: 40 },
  Vec2 { x: 0, y: 40 },
  Vec2 { x: 0, y: 20 }
]
16-11-2023 08:08:48 - log: [Scene] ON ENABLE
16-11-2023 08:08:48 - log: [Scene] ON START
16-11-2023 08:09:00 - log: [Window] BUTTON PRESSED
16-11-2023 08:09:00 - log: [Window] 
16-11-2023 08:09:00 - log: [Window] EXIST!
16-11-2023 08:09:00 - log: [Window] SELECTED :TessToJsonTest
16-11-2023 08:09:00 - log: [Window] THE SELECTED: 65uQtKbTFBJ4pvWAcOAABe
16-11-2023 08:09:00 - log: [Scene] CALLED GET INSTANCE
16-11-2023 08:09:00 - log: [Scene] CANT OF OBJECTS: 20
16-11-2023 08:09:00 - log: [Scene] TRIANGLES
16-11-2023 08:09:00 - log: [Scene] TRIANGLE :: (40,40,true)|(20,40,true)|(20,20,false)
,TRIANGLE :: (20,40,true)|(0,40,true)|(0,20,true)
,TRIANGLE :: (0,20,true)|(0,0,true)|(20,20,false)
,TRIANGLE :: (20,20,false)|(20,40,true)|(0,20,true)
,TRIANGLE :: (0,0,true)|(20,0,true)|(20,20,false)
,TRIANGLE :: (20,0,true)|(40,0,true)|(40,20,true)
,TRIANGLE :: (40,20,true)|(40,40,true)|(20,20,false)
,TRIANGLE :: (20,20,false)|(20,0,true)|(40,20,true)

16-11-2023 08:09:00 - log: [Scene] TRIANGLE :: (40,40,true)|(20,40,true)|(20,20,false)
,TRIANGLE :: (20,40,true)|(0,40,true)|(0,20,true)
,TRIANGLE :: (0,20,true)|(0,0,true)|(20,20,false)
,TRIANGLE :: (20,20,false)|(20,40,true)|(0,20,true)
,TRIANGLE :: (0,0,true)|(20,0,true)|(20,20,false)
,TRIANGLE :: (20,0,true)|(40,0,true)|(40,20,true)
,TRIANGLE :: (40,20,true)|(40,40,true)|(20,20,false)
,TRIANGLE :: (20,20,false)|(20,0,true)|(40,20,true)

16-11-2023 08:09:00 - log: [Scene] TRIANGLE :: (40,40,true)|(20,40,true)|(20,20,false)
,TRIANGLE :: (20,40,true)|(0,40,true)|(0,20,true)
,TRIANGLE :: (0,20,true)|(0,0,true)|(20,20,false)
,TRIANGLE :: (20,20,false)|(20,40,true)|(0,20,true)
,TRIANGLE :: (0,0,true)|(20,0,true)|(20,20,false)
,TRIANGLE :: (20,0,true)|(40,0,true)|(40,20,true)
,TRIANGLE :: (40,20,true)|(40,40,true)|(20,20,false)
,TRIANGLE :: (20,20,false)|(20,0,true)|(40,20,true)

16-11-2023 08:09:00 - log: [Scene] TRIANGLE :: (40,40,true)|(20,40,true)|(20,20,false)
,TRIANGLE :: (20,40,true)|(0,40,true)|(0,20,true)
,TRIANGLE :: (0,20,true)|(0,0,true)|(20,20,false)
,TRIANGLE :: (20,20,false)|(20,40,true)|(0,20,true)
,TRIANGLE :: (0,0,true)|(20,0,true)|(20,20,false)
,TRIANGLE :: (20,0,true)|(40,0,true)|(40,20,true)
,TRIANGLE :: (40,20,true)|(40,40,true)|(20,20,false)
,TRIANGLE :: (20,20,false)|(20,0,true)|(40,20,true)

16-11-2023 08:09:00 - log: [Scene] TRIANGLE :: (40,40,true)|(20,40,true)|(20,20,false)
,TRIANGLE :: (20,40,true)|(0,40,true)|(0,20,true)
,TRIANGLE :: (0,20,true)|(0,0,true)|(20,20,false)
,TRIANGLE :: (20,20,false)|(20,40,true)|(0,20,true)
,TRIANGLE :: (0,0,true)|(20,0,true)|(20,20,false)
,TRIANGLE :: (20,0,true)|(40,0,true)|(40,20,true)
,TRIANGLE :: (40,20,true)|(40,40,true)|(20,20,false)
,TRIANGLE :: (20,20,false)|(20,0,true)|(40,20,true)

16-11-2023 08:09:00 - log: [Scene] TRIANGLE :: (40,40,true)|(20,40,true)|(20,20,false)
,TRIANGLE :: (20,40,true)|(0,40,true)|(0,20,true)
,TRIANGLE :: (0,20,true)|(0,0,true)|(20,20,false)
,TRIANGLE :: (20,20,false)|(20,40,true)|(0,20,true)
,TRIANGLE :: (0,0,true)|(20,0,true)|(20,20,false)
,TRIANGLE :: (20,0,true)|(40,0,true)|(40,20,true)
,TRIANGLE :: (40,20,true)|(40,40,true)|(20,20,false)
,TRIANGLE :: (20,20,false)|(20,0,true)|(40,20,true)

16-11-2023 08:09:00 - log: [Scene] TRIANGLE :: (40,40,true)|(20,40,true)|(20,20,false)
,TRIANGLE :: (20,40,true)|(0,40,true)|(0,20,true)
,TRIANGLE :: (0,20,true)|(0,0,true)|(20,20,false)
,TRIANGLE :: (20,20,false)|(20,40,true)|(0,20,true)
,TRIANGLE :: (0,0,true)|(20,0,true)|(20,20,false)
,TRIANGLE :: (20,0,true)|(40,0,true)|(40,20,true)
,TRIANGLE :: (40,20,true)|(40,40,true)|(20,20,false)
,TRIANGLE :: (20,20,false)|(20,0,true)|(40,20,true)

16-11-2023 08:09:00 - log: [Scene] TRIANGLE :: (40,40,true)|(20,40,true)|(20,20,false)
,TRIANGLE :: (20,40,true)|(0,40,true)|(0,20,true)
,TRIANGLE :: (0,20,true)|(0,0,true)|(20,20,false)
,TRIANGLE :: (20,20,false)|(20,40,true)|(0,20,true)
,TRIANGLE :: (0,0,true)|(20,0,true)|(20,20,false)
,TRIANGLE :: (20,0,true)|(40,0,true)|(40,20,true)
,TRIANGLE :: (40,20,true)|(40,40,true)|(20,20,false)
,TRIANGLE :: (20,20,false)|(20,0,true)|(40,20,true)

16-11-2023 08:09:00 - log: [Scene] ALL POINTS
16-11-2023 08:09:00 - log: [Scene] Set(9) {
  <ref *1> TessPoint {
    point: Vec2 { x: 0, y: 0 },
    sucessor: TessPoint {
      point: [Vec2],
      sucessor: [TessPoint],
      predecessor: [Circular *1],
      links: [Set],
      border: true,
      toString: [Function (anonymous)]
    },
    predecessor: TessPoint {
      point: [Vec2],
      sucessor: [Circular *1],
      predecessor: [TessPoint],
      links: [Set],
      border: true,
      toString: [Function (anonymous)]
    },
    links: Set(3) { [TessPoint], [TessPoint], [TessPoint] },
    border: true,
    toString: [Function (anonymous)]
  },
  <ref *2> TessPoint {
    point: Vec2 { x: 20, y: 0 },
    sucessor: TessPoint {
      point: [Vec2],
      sucessor: [TessPoint],
      predecessor: [Circular *2],
      links: [Set],
      border: true,
      toString: [Function (anonymous)]
    },
    predecessor: <ref *1> TessPoint {
      point: [Vec2],
      sucessor: [Circular *2],
      predecessor: [TessPoint],
      links: [Set],
      border: true,
      toString: [Function (anonymous)]
    },
    links: Set(4) { [TessPoint], [TessPoint], [TessPoint], [TessPoint] },
    border: true,
    toString: [Function (anonymous)]
  },
  <ref *3> TessPoint {
    point: Vec2 { x: 40, y: 0 },
    sucessor: TessPoint {
      point: [Vec2],
      sucessor: [TessPoint],
      predecessor: [Circular *3],
      links: [Set],
      border: true,
      toString: [Function (anonymous)]
    },
    predecessor: <ref *2> TessPoint {
      point: [Vec2],
      sucessor: [Circular *3],
      predecessor: [TessPoint],
      links: [Set],
      border: true,
      toString: [Function (anonymous)]
    },
    links: Set(2) { [TessPoint], [TessPoint] },
    border: true,
    toString: [Function (anonymous)]
  },
  <ref *4> TessPoint {
    point: Vec2 { x: 40, y: 20 },
    sucessor: TessPoint {
      point: [Vec2],
      sucessor: [TessPoint],
      predecessor: [Circular *4],
      links: [Set],
      border: true,
      toString: [Function (anonymous)]
    },
    predecessor: <ref *3> TessPoint {
      point: [Vec2],
      sucessor: [Circular *4],
      predecessor: [TessPoint],
      links: [Set],
      border: true,
      toString: [Function (anonymous)]
    },
    links: Set(4) { [TessPoint], [TessPoint], [TessPoint], [TessPoint] },
    border: true,
    toString: [Function (anonymous)]
  },
  <ref *5> TessPoint {
    point: Vec2 { x: 40, y: 40 },
    sucessor: TessPoint {
      point: [Vec2],
      sucessor: [TessPoint],
      predecessor: [Circular *5],
      links: [Set],
      border: true,
      toString: [Function (anonymous)]
    },
    predecessor: <ref *4> TessPoint {
      point: [Vec2],
      sucessor: [Circular *5],
      predecessor: [TessPoint],
      links: [Set],
      border: true,
      toString: [Function (anonymous)]
    },
    links: Set(3) { [TessPoint], [TessPoint], [TessPoint] },
    border: true,
    toString: [Function (anonymous)]
  },
  <ref *6> TessPoint {
    point: Vec2 { x: 20, y: 40 },
    sucessor: TessPoint {
      point: [Vec2],
      sucessor: [TessPoint],
      predecessor: [Circular *6],
      links: [Set],
      border: true,
      toString: [Function (anonymous)]
    },
    predecessor: <ref *5> TessPoint {
      point: [Vec2],
      sucessor: [Circular *6],
      predecessor: [TessPoint],
      links: [Set],
      border: true,
      toString: [Function (anonymous)]
    },
    links: Set(4) { [TessPoint], [TessPoint], [TessPoint], [TessPoint] },
    border: true,
    toString: [Function (anonymous)]
  },
  <ref *7> TessPoint {
    point: Vec2 { x: 0, y: 40 },
    sucessor: TessPoint {
      point: [Vec2],
      sucessor: [TessPoint],
      predecessor: [Circular *7],
      links: [Set],
      border: true,
      toString: [Function (anonymous)]
    },
    predecessor: <ref *6> TessPoint {
      point: [Vec2],
      sucessor: [Circular *7],
      predecessor: [TessPoint],
      links: [Set],
      border: true,
      toString: [Function (anonymous)]
    },
    links: Set(2) { [TessPoint], [TessPoint] },
    border: true,
    toString: [Function (anonymous)]
  },
  <ref *8> TessPoint {
    point: Vec2 { x: 0, y: 20 },
    sucessor: <ref *1> TessPoint {
      point: [Vec2],
      sucessor: [TessPoint],
      predecessor: [Circular *8],
      links: [Set],
      border: true,
      toString: [Function (anonymous)]
    },
    predecessor: <ref *7> TessPoint {
      point: [Vec2],
      sucessor: [Circular *8],
      predecessor: [TessPoint],
      links: [Set],
      border: true,
      toString: [Function (anonymous)]
    },
    links: Set(4) { [TessPoint], [TessPoint], [TessPoint], [TessPoint] },
    border: true,
    toString: [Function (anonymous)]
  },
  TessPoint {
    point: Vec2 { x: 20, y: 20 },
    sucessor: undefined,
    predecessor: undefined,
    links: Set(6) {
      [TessPoint],
      [TessPoint],
      [TessPoint],
      [TessPoint],
      [TessPoint],
      [TessPoint]
    },
    border: false,
    toString: [Function (anonymous)]
  }
}
16-11-2023 08:09:00 - log: [Scene] -----------------
16-11-2023 08:09:00 - log: [Scene] PUNTO: 0
16-11-2023 08:09:00 - log: [Scene] Vec2 { x: 0, y: 0 }
16-11-2023 08:09:00 - log: [Scene] PREDECESSOR: (0.00, 20.00)   SUCESSOR: (20.00, 0.00)
16-11-2023 08:09:00 - log: [Scene] PUNTO: 1
16-11-2023 08:09:00 - log: [Scene] Vec2 { x: 20, y: 0 }
16-11-2023 08:09:00 - log: [Scene] PREDECESSOR: (0.00, 0.00)   SUCESSOR: (40.00, 0.00)
16-11-2023 08:09:00 - log: [Scene] PUNTO: 2
16-11-2023 08:09:00 - log: [Scene] Vec2 { x: 40, y: 0 }
16-11-2023 08:09:00 - log: [Scene] PREDECESSOR: (20.00, 0.00)   SUCESSOR: (40.00, 20.00)
16-11-2023 08:09:00 - log: [Scene] PUNTO: 3
16-11-2023 08:09:00 - log: [Scene] Vec2 { x: 40, y: 20 }
16-11-2023 08:09:00 - log: [Scene] PREDECESSOR: (40.00, 0.00)   SUCESSOR: (40.00, 40.00)
16-11-2023 08:09:00 - log: [Scene] PUNTO: 4
16-11-2023 08:09:00 - log: [Scene] Vec2 { x: 40, y: 40 }
16-11-2023 08:09:00 - log: [Scene] PREDECESSOR: (40.00, 20.00)   SUCESSOR: (20.00, 40.00)
16-11-2023 08:09:00 - log: [Scene] PUNTO: 5
16-11-2023 08:09:00 - log: [Scene] Vec2 { x: 20, y: 40 }
16-11-2023 08:09:00 - log: [Scene] PREDECESSOR: (40.00, 40.00)   SUCESSOR: (0.00, 40.00)
16-11-2023 08:09:00 - log: [Scene] PUNTO: 6
16-11-2023 08:09:00 - log: [Scene] Vec2 { x: 0, y: 40 }
16-11-2023 08:09:00 - log: [Scene] PREDECESSOR: (20.00, 40.00)   SUCESSOR: (0.00, 20.00)
16-11-2023 08:09:00 - log: [Scene] PUNTO: 7
16-11-2023 08:09:00 - log: [Scene] Vec2 { x: 0, y: 20 }
16-11-2023 08:09:00 - log: [Scene] PREDECESSOR: (0.00, 40.00)   SUCESSOR: (0.00, 0.00)
16-11-2023 08:09:00 - log: [Scene] PUNTO: 8
16-11-2023 08:09:00 - log: [Scene] Vec2 { x: 20, y: 20 }
16-11-2023 08:09:00 - log: [Scene] [{"x":0,"y":0,"border":true,"links":[{"x":20,"y":20,"_angle":0.785}]},{"x":20,"y":0,"border":true,"links":[{"x":20,"y":20,"_angle":1.571},{"x":40,"y":20,"_angle":0.785}]},{"x":40,"y":0,"border":true,"links":[null]},{"x":40,"y":20,"border":true,"links":[{"x":20,"y":0,"_angle":3.927},{"x":20,"y":20,"_angle":3.142}]},{"x":40,"y":40,"border":true,"links":[{"x":20,"y":20,"_angle":3.927}]},{"x":20,"y":40,"border":true,"links":[{"x":20,"y":20,"_angle":4.712},{"x":0,"y":20,"_angle":3.927}]},{"x":0,"y":40,"border":true,"links":[null]},{"x":0,"y":20,"border":true,"links":[{"x":20,"y":40,"_angle":0.785},{"x":20,"y":20,"_angle":0}]},{"x":20,"y":20,"border":false,"links":[{"x":40,"y":40,"_angle":0.785},{"x":20,"y":40,"_angle":1.571},{"x":0,"y":20,"_angle":3.142},{"x":0,"y":0,"_angle":3.927},{"x":20,"y":0,"_angle":4.712},{"x":40,"y":20,"_angle":0}]}]
16-11-2023 08:09:00 - log: [Scene] PUNTO: 0
16-11-2023 08:09:00 - log: [Scene] Vec2 { x: 0, y: 0 }
16-11-2023 08:09:00 - log: [Scene] PREDECESSOR: (0.00, 20.00)   SUCESSOR: (20.00, 0.00)
16-11-2023 08:09:00 - log: [Scene] PUNTO: 1
16-11-2023 08:09:00 - log: [Scene] Vec2 { x: 20, y: 0 }
16-11-2023 08:09:00 - log: [Scene] PREDECESSOR: (0.00, 0.00)   SUCESSOR: (40.00, 0.00)
16-11-2023 08:09:00 - log: [Scene] PUNTO: 2
16-11-2023 08:09:00 - log: [Scene] Vec2 { x: 40, y: 0 }
16-11-2023 08:09:00 - log: [Scene] PREDECESSOR: (20.00, 0.00)   SUCESSOR: (40.00, 20.00)
16-11-2023 08:09:00 - log: [Scene] PUNTO: 3
16-11-2023 08:09:00 - log: [Scene] Vec2 { x: 40, y: 20 }
16-11-2023 08:09:00 - log: [Scene] PREDECESSOR: (40.00, 0.00)   SUCESSOR: (40.00, 40.00)
16-11-2023 08:09:00 - log: [Scene] PUNTO: 4
16-11-2023 08:09:00 - log: [Scene] Vec2 { x: 40, y: 40 }
16-11-2023 08:09:00 - log: [Scene] PREDECESSOR: (40.00, 20.00)   SUCESSOR: (20.00, 40.00)
16-11-2023 08:09:00 - log: [Scene] PUNTO: 5
16-11-2023 08:09:00 - log: [Scene] Vec2 { x: 20, y: 40 }
16-11-2023 08:09:00 - log: [Scene] PREDECESSOR: (40.00, 40.00)   SUCESSOR: (0.00, 40.00)
16-11-2023 08:09:00 - log: [Scene] PUNTO: 6
16-11-2023 08:09:00 - log: [Scene] Vec2 { x: 0, y: 40 }
16-11-2023 08:09:00 - log: [Scene] PREDECESSOR: (20.00, 40.00)   SUCESSOR: (0.00, 20.00)
16-11-2023 08:09:00 - log: [Scene] PUNTO: 7
16-11-2023 08:09:00 - log: [Scene] Vec2 { x: 0, y: 20 }
16-11-2023 08:09:00 - log: [Scene] PREDECESSOR: (0.00, 40.00)   SUCESSOR: (0.00, 0.00)
16-11-2023 08:09:00 - log: [Scene] PUNTO: 8
16-11-2023 08:09:00 - log: [Scene] Vec2 { x: 20, y: 20 }
16-11-2023 08:09:00 - log: [Window] LLEGO DATA PARA DIBUJAR
16-11-2023 08:09:00 - log: [Window] ADENTRO DE DRAW RETURNED MESH DATA
16-11-2023 08:09:00 - log: [Window] DATA: [object Object]
16-11-2023 08:19:14 - log: [Scene] PROPERTY KEY: Tess_ExpectedTrianglesTest_Test
16-11-2023 08:19:14 - log: [Scene] PROPERTY KEY: Tess_2_ExpectedTrianglesTest_Test
16-11-2023 08:19:14 - log: [Scene] PROPERTY KEY: Tess_2_ExpectedTrissdfsdfTest_Test
16-11-2023 08:19:14 - log: [Scene] PROPERTY KEY: Tess_2_ExpectedTrissdasdasdfsdfTest_Test
16-11-2023 08:19:14 - log: [Scene] ONLOAD ---
16-11-2023 08:19:14 - log: [Scene] ANCESTOR
16-11-2023 08:19:14 - log: [Scene] [
  Vec2 { x: 0, y: 0 },
  Vec2 { x: 20, y: 0 },
  Vec2 { x: 40, y: 0 },
  Vec2 { x: 40, y: 20 },
  Vec2 { x: 40, y: 40 },
  Vec2 { x: 20, y: 40 },
  Vec2 { x: 0, y: 40 },
  Vec2 { x: 0, y: 20 }
]
16-11-2023 08:19:14 - log: [Scene] ON ENABLE
16-11-2023 08:19:14 - log: [Scene] ON START
16-11-2023 08:19:14 - log: [Window] BUTTON PRESSED
16-11-2023 08:19:14 - log: [Window] 
16-11-2023 08:19:14 - log: [Window] EXIST!
16-11-2023 08:19:14 - log: [Window] SELECTED :TessToJsonTest
16-11-2023 08:19:14 - log: [Window] THE SELECTED: 65uQtKbTFBJ4pvWAcOAABe
16-11-2023 08:19:14 - log: [Scene] CALLED GET INSTANCE
16-11-2023 08:19:14 - log: [Scene] CANT OF OBJECTS: 20
16-11-2023 08:19:14 - log: [Scene] TRIANGLES
16-11-2023 08:19:14 - log: [Scene] TRIANGLE :: (40,40,true)|(20,40,true)|(20,20,false)
,TRIANGLE :: (20,40,true)|(0,40,true)|(0,20,true)
,TRIANGLE :: (0,20,true)|(0,0,true)|(20,20,false)
,TRIANGLE :: (20,20,false)|(20,40,true)|(0,20,true)
,TRIANGLE :: (0,0,true)|(20,0,true)|(20,20,false)
,TRIANGLE :: (20,0,true)|(40,0,true)|(40,20,true)
,TRIANGLE :: (40,20,true)|(40,40,true)|(20,20,false)
,TRIANGLE :: (20,20,false)|(20,0,true)|(40,20,true)

16-11-2023 08:19:14 - log: [Scene] TRIANGLE :: (40,40,true)|(20,40,true)|(20,20,false)
,TRIANGLE :: (20,40,true)|(0,40,true)|(0,20,true)
,TRIANGLE :: (0,20,true)|(0,0,true)|(20,20,false)
,TRIANGLE :: (20,20,false)|(20,40,true)|(0,20,true)
,TRIANGLE :: (0,0,true)|(20,0,true)|(20,20,false)
,TRIANGLE :: (20,0,true)|(40,0,true)|(40,20,true)
,TRIANGLE :: (40,20,true)|(40,40,true)|(20,20,false)
,TRIANGLE :: (20,20,false)|(20,0,true)|(40,20,true)

16-11-2023 08:19:14 - log: [Scene] TRIANGLE :: (40,40,true)|(20,40,true)|(20,20,false)
,TRIANGLE :: (20,40,true)|(0,40,true)|(0,20,true)
,TRIANGLE :: (0,20,true)|(0,0,true)|(20,20,false)
,TRIANGLE :: (20,20,false)|(20,40,true)|(0,20,true)
,TRIANGLE :: (0,0,true)|(20,0,true)|(20,20,false)
,TRIANGLE :: (20,0,true)|(40,0,true)|(40,20,true)
,TRIANGLE :: (40,20,true)|(40,40,true)|(20,20,false)
,TRIANGLE :: (20,20,false)|(20,0,true)|(40,20,true)

16-11-2023 08:19:14 - log: [Scene] TRIANGLE :: (40,40,true)|(20,40,true)|(20,20,false)
,TRIANGLE :: (20,40,true)|(0,40,true)|(0,20,true)
,TRIANGLE :: (0,20,true)|(0,0,true)|(20,20,false)
,TRIANGLE :: (20,20,false)|(20,40,true)|(0,20,true)
,TRIANGLE :: (0,0,true)|(20,0,true)|(20,20,false)
,TRIANGLE :: (20,0,true)|(40,0,true)|(40,20,true)
,TRIANGLE :: (40,20,true)|(40,40,true)|(20,20,false)
,TRIANGLE :: (20,20,false)|(20,0,true)|(40,20,true)

16-11-2023 08:19:14 - log: [Scene] TRIANGLE :: (40,40,true)|(20,40,true)|(20,20,false)
,TRIANGLE :: (20,40,true)|(0,40,true)|(0,20,true)
,TRIANGLE :: (0,20,true)|(0,0,true)|(20,20,false)
,TRIANGLE :: (20,20,false)|(20,40,true)|(0,20,true)
,TRIANGLE :: (0,0,true)|(20,0,true)|(20,20,false)
,TRIANGLE :: (20,0,true)|(40,0,true)|(40,20,true)
,TRIANGLE :: (40,20,true)|(40,40,true)|(20,20,false)
,TRIANGLE :: (20,20,false)|(20,0,true)|(40,20,true)

16-11-2023 08:19:14 - log: [Scene] TRIANGLE :: (40,40,true)|(20,40,true)|(20,20,false)
,TRIANGLE :: (20,40,true)|(0,40,true)|(0,20,true)
,TRIANGLE :: (0,20,true)|(0,0,true)|(20,20,false)
,TRIANGLE :: (20,20,false)|(20,40,true)|(0,20,true)
,TRIANGLE :: (0,0,true)|(20,0,true)|(20,20,false)
,TRIANGLE :: (20,0,true)|(40,0,true)|(40,20,true)
,TRIANGLE :: (40,20,true)|(40,40,true)|(20,20,false)
,TRIANGLE :: (20,20,false)|(20,0,true)|(40,20,true)

16-11-2023 08:19:14 - log: [Scene] TRIANGLE :: (40,40,true)|(20,40,true)|(20,20,false)
,TRIANGLE :: (20,40,true)|(0,40,true)|(0,20,true)
,TRIANGLE :: (0,20,true)|(0,0,true)|(20,20,false)
,TRIANGLE :: (20,20,false)|(20,40,true)|(0,20,true)
,TRIANGLE :: (0,0,true)|(20,0,true)|(20,20,false)
,TRIANGLE :: (20,0,true)|(40,0,true)|(40,20,true)
,TRIANGLE :: (40,20,true)|(40,40,true)|(20,20,false)
,TRIANGLE :: (20,20,false)|(20,0,true)|(40,20,true)

16-11-2023 08:19:14 - log: [Scene] TRIANGLE :: (40,40,true)|(20,40,true)|(20,20,false)
,TRIANGLE :: (20,40,true)|(0,40,true)|(0,20,true)
,TRIANGLE :: (0,20,true)|(0,0,true)|(20,20,false)
,TRIANGLE :: (20,20,false)|(20,40,true)|(0,20,true)
,TRIANGLE :: (0,0,true)|(20,0,true)|(20,20,false)
,TRIANGLE :: (20,0,true)|(40,0,true)|(40,20,true)
,TRIANGLE :: (40,20,true)|(40,40,true)|(20,20,false)
,TRIANGLE :: (20,20,false)|(20,0,true)|(40,20,true)

16-11-2023 08:19:14 - log: [Scene] ALL POINTS
16-11-2023 08:19:14 - log: [Scene] Set(9) {
  <ref *1> TessPoint {
    point: Vec2 { x: 0, y: 0 },
    sucessor: TessPoint {
      point: [Vec2],
      sucessor: [TessPoint],
      predecessor: [Circular *1],
      links: [Set],
      border: true,
      toString: [Function (anonymous)]
    },
    predecessor: TessPoint {
      point: [Vec2],
      sucessor: [Circular *1],
      predecessor: [TessPoint],
      links: [Set],
      border: true,
      toString: [Function (anonymous)]
    },
    links: Set(3) { [TessPoint], [TessPoint], [TessPoint] },
    border: true,
    toString: [Function (anonymous)]
  },
  <ref *2> TessPoint {
    point: Vec2 { x: 20, y: 0 },
    sucessor: TessPoint {
      point: [Vec2],
      sucessor: [TessPoint],
      predecessor: [Circular *2],
      links: [Set],
      border: true,
      toString: [Function (anonymous)]
    },
    predecessor: <ref *1> TessPoint {
      point: [Vec2],
      sucessor: [Circular *2],
      predecessor: [TessPoint],
      links: [Set],
      border: true,
      toString: [Function (anonymous)]
    },
    links: Set(4) { [TessPoint], [TessPoint], [TessPoint], [TessPoint] },
    border: true,
    toString: [Function (anonymous)]
  },
  <ref *3> TessPoint {
    point: Vec2 { x: 40, y: 0 },
    sucessor: TessPoint {
      point: [Vec2],
      sucessor: [TessPoint],
      predecessor: [Circular *3],
      links: [Set],
      border: true,
      toString: [Function (anonymous)]
    },
    predecessor: <ref *2> TessPoint {
      point: [Vec2],
      sucessor: [Circular *3],
      predecessor: [TessPoint],
      links: [Set],
      border: true,
      toString: [Function (anonymous)]
    },
    links: Set(2) { [TessPoint], [TessPoint] },
    border: true,
    toString: [Function (anonymous)]
  },
  <ref *4> TessPoint {
    point: Vec2 { x: 40, y: 20 },
    sucessor: TessPoint {
      point: [Vec2],
      sucessor: [TessPoint],
      predecessor: [Circular *4],
      links: [Set],
      border: true,
      toString: [Function (anonymous)]
    },
    predecessor: <ref *3> TessPoint {
      point: [Vec2],
      sucessor: [Circular *4],
      predecessor: [TessPoint],
      links: [Set],
      border: true,
      toString: [Function (anonymous)]
    },
    links: Set(4) { [TessPoint], [TessPoint], [TessPoint], [TessPoint] },
    border: true,
    toString: [Function (anonymous)]
  },
  <ref *5> TessPoint {
    point: Vec2 { x: 40, y: 40 },
    sucessor: TessPoint {
      point: [Vec2],
      sucessor: [TessPoint],
      predecessor: [Circular *5],
      links: [Set],
      border: true,
      toString: [Function (anonymous)]
    },
    predecessor: <ref *4> TessPoint {
      point: [Vec2],
      sucessor: [Circular *5],
      predecessor: [TessPoint],
      links: [Set],
      border: true,
      toString: [Function (anonymous)]
    },
    links: Set(3) { [TessPoint], [TessPoint], [TessPoint] },
    border: true,
    toString: [Function (anonymous)]
  },
  <ref *6> TessPoint {
    point: Vec2 { x: 20, y: 40 },
    sucessor: TessPoint {
      point: [Vec2],
      sucessor: [TessPoint],
      predecessor: [Circular *6],
      links: [Set],
      border: true,
      toString: [Function (anonymous)]
    },
    predecessor: <ref *5> TessPoint {
      point: [Vec2],
      sucessor: [Circular *6],
      predecessor: [TessPoint],
      links: [Set],
      border: true,
      toString: [Function (anonymous)]
    },
    links: Set(4) { [TessPoint], [TessPoint], [TessPoint], [TessPoint] },
    border: true,
    toString: [Function (anonymous)]
  },
  <ref *7> TessPoint {
    point: Vec2 { x: 0, y: 40 },
    sucessor: TessPoint {
      point: [Vec2],
      sucessor: [TessPoint],
      predecessor: [Circular *7],
      links: [Set],
      border: true,
      toString: [Function (anonymous)]
    },
    predecessor: <ref *6> TessPoint {
      point: [Vec2],
      sucessor: [Circular *7],
      predecessor: [TessPoint],
      links: [Set],
      border: true,
      toString: [Function (anonymous)]
    },
    links: Set(2) { [TessPoint], [TessPoint] },
    border: true,
    toString: [Function (anonymous)]
  },
  <ref *8> TessPoint {
    point: Vec2 { x: 0, y: 20 },
    sucessor: <ref *1> TessPoint {
      point: [Vec2],
      sucessor: [TessPoint],
      predecessor: [Circular *8],
      links: [Set],
      border: true,
      toString: [Function (anonymous)]
    },
    predecessor: <ref *7> TessPoint {
      point: [Vec2],
      sucessor: [Circular *8],
      predecessor: [TessPoint],
      links: [Set],
      border: true,
      toString: [Function (anonymous)]
    },
    links: Set(4) { [TessPoint], [TessPoint], [TessPoint], [TessPoint] },
    border: true,
    toString: [Function (anonymous)]
  },
  TessPoint {
    point: Vec2 { x: 20, y: 20 },
    sucessor: undefined,
    predecessor: undefined,
    links: Set(6) {
      [TessPoint],
      [TessPoint],
      [TessPoint],
      [TessPoint],
      [TessPoint],
      [TessPoint]
    },
    border: false,
    toString: [Function (anonymous)]
  }
}
16-11-2023 08:19:14 - log: [Scene] -----------------
16-11-2023 08:19:14 - log: [Scene] PUNTO: 0
16-11-2023 08:19:14 - log: [Scene] Vec2 { x: 0, y: 0 }
16-11-2023 08:19:14 - log: [Scene] PREDECESSOR: (0.00, 20.00)   SUCESSOR: (20.00, 0.00)
16-11-2023 08:19:14 - log: [Scene] PUNTO: 1
16-11-2023 08:19:14 - log: [Scene] Vec2 { x: 20, y: 0 }
16-11-2023 08:19:14 - log: [Scene] PREDECESSOR: (0.00, 0.00)   SUCESSOR: (40.00, 0.00)
16-11-2023 08:19:14 - log: [Scene] PUNTO: 2
16-11-2023 08:19:14 - log: [Scene] Vec2 { x: 40, y: 0 }
16-11-2023 08:19:14 - log: [Scene] PREDECESSOR: (20.00, 0.00)   SUCESSOR: (40.00, 20.00)
16-11-2023 08:19:14 - log: [Scene] PUNTO: 3
16-11-2023 08:19:14 - log: [Scene] Vec2 { x: 40, y: 20 }
16-11-2023 08:19:14 - log: [Scene] PREDECESSOR: (40.00, 0.00)   SUCESSOR: (40.00, 40.00)
16-11-2023 08:19:14 - log: [Scene] PUNTO: 4
16-11-2023 08:19:14 - log: [Scene] Vec2 { x: 40, y: 40 }
16-11-2023 08:19:14 - log: [Scene] PREDECESSOR: (40.00, 20.00)   SUCESSOR: (20.00, 40.00)
16-11-2023 08:19:14 - log: [Scene] PUNTO: 5
16-11-2023 08:19:14 - log: [Scene] Vec2 { x: 20, y: 40 }
16-11-2023 08:19:14 - log: [Scene] PREDECESSOR: (40.00, 40.00)   SUCESSOR: (0.00, 40.00)
16-11-2023 08:19:14 - log: [Scene] PUNTO: 6
16-11-2023 08:19:14 - log: [Scene] Vec2 { x: 0, y: 40 }
16-11-2023 08:19:14 - log: [Scene] PREDECESSOR: (20.00, 40.00)   SUCESSOR: (0.00, 20.00)
16-11-2023 08:19:14 - log: [Scene] PUNTO: 7
16-11-2023 08:19:14 - log: [Scene] Vec2 { x: 0, y: 20 }
16-11-2023 08:19:14 - log: [Scene] PREDECESSOR: (0.00, 40.00)   SUCESSOR: (0.00, 0.00)
16-11-2023 08:19:14 - log: [Scene] PUNTO: 8
16-11-2023 08:19:14 - log: [Scene] Vec2 { x: 20, y: 20 }
16-11-2023 08:19:14 - log: [Scene] [{"x":0,"y":0,"border":true,"links":[{"x":20,"y":20,"_angle":0.785}]},{"x":20,"y":0,"border":true,"links":[{"x":20,"y":20,"_angle":1.571},{"x":40,"y":20,"_angle":0.785}]},{"x":40,"y":0,"border":true,"links":[null]},{"x":40,"y":20,"border":true,"links":[{"x":20,"y":0,"_angle":3.927},{"x":20,"y":20,"_angle":3.142}]},{"x":40,"y":40,"border":true,"links":[{"x":20,"y":20,"_angle":3.927}]},{"x":20,"y":40,"border":true,"links":[{"x":20,"y":20,"_angle":4.712},{"x":0,"y":20,"_angle":3.927}]},{"x":0,"y":40,"border":true,"links":[null]},{"x":0,"y":20,"border":true,"links":[{"x":20,"y":40,"_angle":0.785},{"x":20,"y":20,"_angle":0}]},{"x":20,"y":20,"border":false,"links":[{"x":40,"y":40,"_angle":0.785},{"x":20,"y":40,"_angle":1.571},{"x":0,"y":20,"_angle":3.142},{"x":0,"y":0,"_angle":3.927},{"x":20,"y":0,"_angle":4.712},{"x":40,"y":20,"_angle":0}]}]
16-11-2023 08:19:14 - log: [Scene] PUNTO: 0
16-11-2023 08:19:14 - log: [Scene] Vec2 { x: 0, y: 0 }
16-11-2023 08:19:14 - log: [Scene] PREDECESSOR: (0.00, 20.00)   SUCESSOR: (20.00, 0.00)
16-11-2023 08:19:14 - log: [Scene] PUNTO: 1
16-11-2023 08:19:14 - log: [Scene] Vec2 { x: 20, y: 0 }
16-11-2023 08:19:14 - log: [Scene] PREDECESSOR: (0.00, 0.00)   SUCESSOR: (40.00, 0.00)
16-11-2023 08:19:14 - log: [Scene] PUNTO: 2
16-11-2023 08:19:14 - log: [Scene] Vec2 { x: 40, y: 0 }
16-11-2023 08:19:14 - log: [Scene] PREDECESSOR: (20.00, 0.00)   SUCESSOR: (40.00, 20.00)
16-11-2023 08:19:14 - log: [Scene] PUNTO: 3
16-11-2023 08:19:14 - log: [Scene] Vec2 { x: 40, y: 20 }
16-11-2023 08:19:14 - log: [Scene] PREDECESSOR: (40.00, 0.00)   SUCESSOR: (40.00, 40.00)
16-11-2023 08:19:14 - log: [Scene] PUNTO: 4
16-11-2023 08:19:14 - log: [Scene] Vec2 { x: 40, y: 40 }
16-11-2023 08:19:14 - log: [Scene] PREDECESSOR: (40.00, 20.00)   SUCESSOR: (20.00, 40.00)
16-11-2023 08:19:14 - log: [Scene] PUNTO: 5
16-11-2023 08:19:14 - log: [Scene] Vec2 { x: 20, y: 40 }
16-11-2023 08:19:14 - log: [Scene] PREDECESSOR: (40.00, 40.00)   SUCESSOR: (0.00, 40.00)
16-11-2023 08:19:14 - log: [Scene] PUNTO: 6
16-11-2023 08:19:14 - log: [Scene] Vec2 { x: 0, y: 40 }
16-11-2023 08:19:14 - log: [Scene] PREDECESSOR: (20.00, 40.00)   SUCESSOR: (0.00, 20.00)
16-11-2023 08:19:14 - log: [Scene] PUNTO: 7
16-11-2023 08:19:14 - log: [Scene] Vec2 { x: 0, y: 20 }
16-11-2023 08:19:14 - log: [Scene] PREDECESSOR: (0.00, 40.00)   SUCESSOR: (0.00, 0.00)
16-11-2023 08:19:14 - log: [Scene] PUNTO: 8
16-11-2023 08:19:14 - log: [Scene] Vec2 { x: 20, y: 20 }
16-11-2023 08:19:14 - log: [Window] LLEGO DATA PARA DIBUJAR
16-11-2023 08:19:14 - log: [Window] ADENTRO DE DRAW RETURNED MESH DATA
16-11-2023 08:19:14 - log: [Window] DATA: [object Object]
16-11-2023 08:24:17 - log: [Scene] PROPERTY KEY: Tess_ExpectedTrianglesTest_Test
16-11-2023 08:24:17 - log: [Scene] PROPERTY KEY: Tess_2_ExpectedTrianglesTest_Test
16-11-2023 08:24:17 - log: [Scene] PROPERTY KEY: Tess_2_ExpectedTrissdfsdfTest_Test
16-11-2023 08:24:17 - log: [Scene] PROPERTY KEY: Tess_2_ExpectedTrissdasdasdfsdfTest_Test
16-11-2023 08:24:18 - log: [Scene] ONLOAD ---
16-11-2023 08:24:18 - log: [Scene] ANCESTOR
16-11-2023 08:24:18 - log: [Scene] [
  Vec2 { x: 0, y: 0 },
  Vec2 { x: 20, y: 0 },
  Vec2 { x: 40, y: 0 },
  Vec2 { x: 40, y: 20 },
  Vec2 { x: 40, y: 40 },
  Vec2 { x: 20, y: 40 },
  Vec2 { x: 0, y: 40 },
  Vec2 { x: 0, y: 20 }
]
16-11-2023 08:24:18 - log: [Scene] ON ENABLE
16-11-2023 08:24:18 - log: [Scene] ON START
16-11-2023 08:24:19 - log: [Window] BUTTON PRESSED
16-11-2023 08:24:19 - log: [Window] 
16-11-2023 08:24:19 - log: [Window] EXIST!
16-11-2023 08:24:19 - log: [Window] SELECTED :TessToJsonTest
16-11-2023 08:24:19 - log: [Window] THE SELECTED: 65uQtKbTFBJ4pvWAcOAABe
16-11-2023 08:24:19 - log: [Scene] CALLED GET INSTANCE
16-11-2023 08:24:19 - log: [Scene] CANT OF OBJECTS: 17
16-11-2023 08:24:19 - log: [Scene] JSON
16-11-2023 08:24:19 - log: [Scene] PUNTO: 0
16-11-2023 08:24:19 - log: [Scene] Vec2 { x: 0, y: 0 }
16-11-2023 08:24:19 - log: [Scene] PREDECESSOR: (0.00, 20.00)   SUCESSOR: (20.00, 0.00)
16-11-2023 08:24:19 - log: [Scene] PUNTO: 1
16-11-2023 08:24:19 - log: [Scene] Vec2 { x: 20, y: 0 }
16-11-2023 08:24:19 - log: [Scene] PREDECESSOR: (0.00, 0.00)   SUCESSOR: (40.00, 0.00)
16-11-2023 08:24:19 - log: [Scene] PUNTO: 2
16-11-2023 08:24:19 - log: [Scene] Vec2 { x: 40, y: 0 }
16-11-2023 08:24:19 - log: [Scene] PREDECESSOR: (20.00, 0.00)   SUCESSOR: (40.00, 20.00)
16-11-2023 08:24:19 - log: [Scene] PUNTO: 3
16-11-2023 08:24:19 - log: [Scene] Vec2 { x: 40, y: 20 }
16-11-2023 08:24:19 - log: [Scene] PREDECESSOR: (40.00, 0.00)   SUCESSOR: (40.00, 40.00)
16-11-2023 08:24:19 - log: [Scene] PUNTO: 4
16-11-2023 08:24:19 - log: [Scene] Vec2 { x: 40, y: 40 }
16-11-2023 08:24:19 - log: [Scene] PREDECESSOR: (40.00, 20.00)   SUCESSOR: (20.00, 40.00)
16-11-2023 08:24:19 - log: [Scene] PUNTO: 5
16-11-2023 08:24:19 - log: [Scene] Vec2 { x: 20, y: 40 }
16-11-2023 08:24:19 - log: [Scene] PREDECESSOR: (40.00, 40.00)   SUCESSOR: (0.00, 40.00)
16-11-2023 08:24:19 - log: [Scene] PUNTO: 6
16-11-2023 08:24:19 - log: [Scene] Vec2 { x: 0, y: 40 }
16-11-2023 08:24:19 - log: [Scene] PREDECESSOR: (20.00, 40.00)   SUCESSOR: (0.00, 20.00)
16-11-2023 08:24:19 - log: [Scene] PUNTO: 7
16-11-2023 08:24:19 - log: [Scene] Vec2 { x: 0, y: 20 }
16-11-2023 08:24:19 - log: [Scene] PREDECESSOR: (0.00, 40.00)   SUCESSOR: (0.00, 0.00)
16-11-2023 08:24:19 - log: [Scene] PUNTO: 8
16-11-2023 08:24:19 - log: [Scene] Vec2 { x: 20, y: 20 }
16-11-2023 08:24:19 - log: [Scene] [{"x":0,"y":0,"border":true,"links":[{"x":20,"y":20,"_angle":0.785}]},{"x":20,"y":0,"border":true,"links":[{"x":20,"y":20,"_angle":1.571},{"x":40,"y":20,"_angle":0.785}]},{"x":40,"y":0,"border":true,"links":[null]},{"x":40,"y":20,"border":true,"links":[{"x":20,"y":0,"_angle":3.927},{"x":20,"y":20,"_angle":3.142}]},{"x":40,"y":40,"border":true,"links":[{"x":20,"y":20,"_angle":3.927}]},{"x":20,"y":40,"border":true,"links":[{"x":20,"y":20,"_angle":4.712},{"x":0,"y":20,"_angle":3.927}]},{"x":0,"y":40,"border":true,"links":[null]},{"x":0,"y":20,"border":true,"links":[{"x":20,"y":40,"_angle":0.785},{"x":20,"y":20,"_angle":0}]},{"x":20,"y":20,"border":false,"links":[{"x":40,"y":40,"_angle":0.785},{"x":20,"y":40,"_angle":1.571},{"x":0,"y":20,"_angle":3.142},{"x":0,"y":0,"_angle":3.927},{"x":20,"y":0,"_angle":4.712},{"x":40,"y":20,"_angle":0}]}]
16-11-2023 08:24:19 - log: [Scene] 

16-11-2023 08:24:19 - log: [Scene] PUNTO: 0
16-11-2023 08:24:19 - log: [Scene] Vec2 { x: 0, y: 0 }
16-11-2023 08:24:19 - log: [Scene] PREDECESSOR: (0.00, 20.00)   SUCESSOR: (20.00, 0.00)
16-11-2023 08:24:19 - log: [Scene] PUNTO: 1
16-11-2023 08:24:19 - log: [Scene] Vec2 { x: 20, y: 0 }
16-11-2023 08:24:19 - log: [Scene] PREDECESSOR: (0.00, 0.00)   SUCESSOR: (40.00, 0.00)
16-11-2023 08:24:19 - log: [Scene] PUNTO: 2
16-11-2023 08:24:19 - log: [Scene] Vec2 { x: 40, y: 0 }
16-11-2023 08:24:19 - log: [Scene] PREDECESSOR: (20.00, 0.00)   SUCESSOR: (40.00, 20.00)
16-11-2023 08:24:19 - log: [Scene] PUNTO: 3
16-11-2023 08:24:19 - log: [Scene] Vec2 { x: 40, y: 20 }
16-11-2023 08:24:19 - log: [Scene] PREDECESSOR: (40.00, 0.00)   SUCESSOR: (40.00, 40.00)
16-11-2023 08:24:19 - log: [Scene] PUNTO: 4
16-11-2023 08:24:19 - log: [Scene] Vec2 { x: 40, y: 40 }
16-11-2023 08:24:19 - log: [Scene] PREDECESSOR: (40.00, 20.00)   SUCESSOR: (20.00, 40.00)
16-11-2023 08:24:19 - log: [Scene] PUNTO: 5
16-11-2023 08:24:19 - log: [Scene] Vec2 { x: 20, y: 40 }
16-11-2023 08:24:19 - log: [Scene] PREDECESSOR: (40.00, 40.00)   SUCESSOR: (0.00, 40.00)
16-11-2023 08:24:19 - log: [Scene] PUNTO: 6
16-11-2023 08:24:19 - log: [Scene] Vec2 { x: 0, y: 40 }
16-11-2023 08:24:19 - log: [Scene] PREDECESSOR: (20.00, 40.00)   SUCESSOR: (0.00, 20.00)
16-11-2023 08:24:19 - log: [Scene] PUNTO: 7
16-11-2023 08:24:19 - log: [Scene] Vec2 { x: 0, y: 20 }
16-11-2023 08:24:19 - log: [Scene] PREDECESSOR: (0.00, 40.00)   SUCESSOR: (0.00, 0.00)
16-11-2023 08:24:19 - log: [Scene] PUNTO: 8
16-11-2023 08:24:19 - log: [Scene] Vec2 { x: 20, y: 20 }
16-11-2023 08:24:20 - log: [Window] LLEGO DATA PARA DIBUJAR
16-11-2023 08:24:20 - log: [Window] ADENTRO DE DRAW RETURNED MESH DATA
16-11-2023 08:24:20 - log: [Window] DATA: [object Object]
16-11-2023 08:24:20 - log: [Scene] JSON
16-11-2023 08:24:20 - log: [Scene] PUNTO: 0
16-11-2023 08:24:20 - log: [Scene] Vec2 { x: 0, y: 0 }
16-11-2023 08:24:20 - log: [Scene] PREDECESSOR: (0.00, 30.00)   SUCESSOR: (10.00, 0.00)
16-11-2023 08:24:20 - log: [Scene] PUNTO: 1
16-11-2023 08:24:20 - log: [Scene] Vec2 { x: 10, y: 0 }
16-11-2023 08:24:20 - log: [Scene] PREDECESSOR: (0.00, 0.00)   SUCESSOR: (20.00, 0.00)
16-11-2023 08:24:20 - log: [Scene] PUNTO: 2
16-11-2023 08:24:20 - log: [Scene] Vec2 { x: 20, y: 0 }
16-11-2023 08:24:20 - log: [Scene] PREDECESSOR: (10.00, 0.00)   SUCESSOR: (20.00, 20.00)
16-11-2023 08:24:20 - log: [Scene] PUNTO: 3
16-11-2023 08:24:20 - log: [Scene] Vec2 { x: 20, y: 20 }
16-11-2023 08:24:20 - log: [Scene] PREDECESSOR: (20.00, 0.00)   SUCESSOR: (20.00, 40.00)
16-11-2023 08:24:20 - log: [Scene] PUNTO: 4
16-11-2023 08:24:20 - log: [Scene] Vec2 { x: 20, y: 40 }
16-11-2023 08:24:20 - log: [Scene] PREDECESSOR: (20.00, 20.00)   SUCESSOR: (70.00, 40.00)
16-11-2023 08:24:20 - log: [Scene] PUNTO: 5
16-11-2023 08:24:20 - log: [Scene] Vec2 { x: 70, y: 40 }
16-11-2023 08:24:20 - log: [Scene] PREDECESSOR: (20.00, 40.00)   SUCESSOR: (120.00, 40.00)
16-11-2023 08:24:20 - log: [Scene] PUNTO: 6
16-11-2023 08:24:20 - log: [Scene] Vec2 { x: 120, y: 40 }
16-11-2023 08:24:20 - log: [Scene] PREDECESSOR: (70.00, 40.00)   SUCESSOR: (120.00, 20.00)
16-11-2023 08:24:20 - log: [Scene] PUNTO: 7
16-11-2023 08:24:20 - log: [Scene] Vec2 { x: 120, y: 20 }
16-11-2023 08:24:20 - log: [Scene] PREDECESSOR: (120.00, 40.00)   SUCESSOR: (120.00, 0.00)
16-11-2023 08:24:20 - log: [Scene] PUNTO: 8
16-11-2023 08:24:20 - log: [Scene] Vec2 { x: 120, y: 0 }
16-11-2023 08:24:20 - log: [Scene] PREDECESSOR: (120.00, 20.00)   SUCESSOR: (130.00, 0.00)
16-11-2023 08:24:20 - log: [Scene] PUNTO: 9
16-11-2023 08:24:20 - log: [Scene] Vec2 { x: 130, y: 0 }
16-11-2023 08:24:20 - log: [Scene] PREDECESSOR: (120.00, 0.00)   SUCESSOR: (140.00, 0.00)
16-11-2023 08:24:20 - log: [Scene] PUNTO: 10
16-11-2023 08:24:20 - log: [Scene] Vec2 { x: 140, y: 0 }
16-11-2023 08:24:20 - log: [Scene] PREDECESSOR: (130.00, 0.00)   SUCESSOR: (140.00, 30.00)
16-11-2023 08:24:20 - log: [Scene] PUNTO: 11
16-11-2023 08:24:20 - log: [Scene] Vec2 { x: 140, y: 30 }
16-11-2023 08:24:20 - log: [Scene] PREDECESSOR: (140.00, 0.00)   SUCESSOR: (140.00, 60.00)
16-11-2023 08:24:20 - log: [Scene] PUNTO: 12
16-11-2023 08:24:20 - log: [Scene] Vec2 { x: 140, y: 60 }
16-11-2023 08:24:20 - log: [Scene] PREDECESSOR: (140.00, 30.00)   SUCESSOR: (70.00, 60.00)
16-11-2023 08:24:20 - log: [Scene] PUNTO: 13
16-11-2023 08:24:20 - log: [Scene] Vec2 { x: 70, y: 60 }
16-11-2023 08:24:20 - log: [Scene] PREDECESSOR: (140.00, 60.00)   SUCESSOR: (0.00, 60.00)
16-11-2023 08:24:20 - log: [Scene] PUNTO: 14
16-11-2023 08:24:20 - log: [Scene] Vec2 { x: 0, y: 60 }
16-11-2023 08:24:20 - log: [Scene] PREDECESSOR: (70.00, 60.00)   SUCESSOR: (0.00, 30.00)
16-11-2023 08:24:20 - log: [Scene] PUNTO: 15
16-11-2023 08:24:20 - log: [Scene] Vec2 { x: 0, y: 30 }
16-11-2023 08:24:20 - log: [Scene] PREDECESSOR: (0.00, 60.00)   SUCESSOR: (0.00, 0.00)
16-11-2023 08:24:20 - log: [Scene] PUNTO: 16
16-11-2023 08:24:20 - log: [Scene] Vec2 { x: 10, y: 30 }
16-11-2023 08:24:20 - log: [Scene] PUNTO: 17
16-11-2023 08:24:20 - log: [Scene] Vec2 { x: 130, y: 20 }
16-11-2023 08:24:20 - log: [Scene] PUNTO: 18
16-11-2023 08:24:20 - log: [Scene] Vec2 { x: 10, y: 50 }
16-11-2023 08:24:20 - log: [Scene] PUNTO: 19
16-11-2023 08:24:20 - log: [Scene] Vec2 { x: 130, y: 50 }
16-11-2023 08:24:20 - log: [Scene] PUNTO: 20
16-11-2023 08:24:20 - log: [Scene] Vec2 { x: 80, y: 50 }
16-11-2023 08:24:20 - log: [Scene] [{"x":0,"y":0,"border":true,"links":[null]},{"x":10,"y":0,"border":true,"links":[{"x":0,"y":30,"_angle":1.893},{"x":10,"y":30,"_angle":1.571}]},{"x":20,"y":0,"border":true,"links":[{"x":10,"y":30,"_angle":1.893}]},{"x":20,"y":20,"border":true,"links":[{"x":10,"y":30,"_angle":2.356},{"x":10,"y":50,"_angle":1.893}]},{"x":20,"y":40,"border":true,"links":[{"x":10,"y":50,"_angle":2.356},{"x":80,"y":50,"_angle":0.165}]},{"x":70,"y":40,"border":true,"links":[{"x":80,"y":50,"_angle":0.785},{"x":130,"y":50,"_angle":0.165}]},{"x":120,"y":40,"border":true,"links":[{"x":130,"y":20,"_angle":5.176},{"x":130,"y":50,"_angle":0.785}]},{"x":120,"y":20,"border":true,"links":[{"x":130,"y":20,"_angle":0},{"x":130,"y":0,"_angle":5.176}]},{"x":120,"y":0,"border":true,"links":[null]},{"x":130,"y":0,"border":true,"links":[{"x":120,"y":20,"_angle":2.034},{"x":130,"y":20,"_angle":1.571}]},{"x":140,"y":0,"border":true,"links":[{"x":130,"y":20,"_angle":2.034}]},{"x":140,"y":30,"border":true,"links":[{"x":130,"y":20,"_angle":3.927},{"x":130,"y":50,"_angle":2.034}]},{"x":140,"y":60,"border":true,"links":[{"x":130,"y":50,"_angle":3.927},{"x":80,"y":50,"_angle":3.307}]},{"x":70,"y":60,"border":true,"links":[{"x":80,"y":50,"_angle":5.498},{"x":10,"y":50,"_angle":3.307}]},{"x":0,"y":60,"border":true,"links":[{"x":10,"y":30,"_angle":5.034},{"x":10,"y":50,"_angle":5.498}]},{"x":0,"y":30,"border":true,"links":[{"x":10,"y":30,"_angle":0},{"x":10,"y":0,"_angle":5.034}]},{"x":10,"y":30,"border":false,"links":[{"x":0,"y":60,"_angle":1.893},{"x":0,"y":30,"_angle":3.142},{"x":10,"y":0,"_angle":4.712},{"x":20,"y":0,"_angle":5.034},{"x":10,"y":50,"_angle":1.571},{"x":20,"y":20,"_angle":5.498}]},{"x":130,"y":20,"border":false,"links":[{"x":120,"y":40,"_angle":2.034},{"x":120,"y":20,"_angle":3.142},{"x":130,"y":0,"_angle":4.712},{"x":140,"y":0,"_angle":5.176},{"x":130,"y":50,"_angle":1.571},{"x":140,"y":30,"_angle":0.785}]},{"x":10,"y":50,"border":false,"links":[{"x":0,"y":60,"_angle":2.356},{"x":10,"y":30,"_angle":4.712},{"x":20,"y":20,"_angle":5.034},{"x":20,"y":40,"_angle":5.498},{"x":70,"y":60,"_angle":0.165},{"x":80,"y":50,"_angle":0}]},{"x":130,"y":50,"border":false,"links":[{"x":120,"y":40,"_angle":3.927},{"x":130,"y":20,"_angle":4.712},{"x":140,"y":30,"_angle":5.176},{"x":140,"y":60,"_angle":0.785},{"x":70,"y":40,"_angle":3.307},{"x":80,"y":50,"_angle":3.142}]},{"x":80,"y":50,"border":false,"links":[{"x":140,"y":60,"_angle":0.165},{"x":70,"y":60,"_angle":2.356},{"x":10,"y":50,"_angle":3.142},{"x":20,"y":40,"_angle":3.307},{"x":70,"y":40,"_angle":3.927},{"x":130,"y":50,"_angle":0}]}]
16-11-2023 08:24:20 - log: [Scene] 

