debug: Sat, 14 Oct 2023 21:59:52 GMT
debug: Project: C:\Users\jmluc\FracturableObjects
debug: Targets: editor,preview
debug: Incremental file seems great.
debug: Engine path: C:\ProgramData\cocos\editors\Creator\3.7.3\resources\resources\3d\engine
debug: Initializing target [Editor]
debug: Loading cache
debug: Loading cache costs 58.84409999847412ms.
debug: Engine features shipped in editor: base,gfx-webgl,gfx-webgl2,gfx-empty,3d,animation,skeletal-animation,2d,ui,particle,particle-2d,physics-framework,physics-2d-framework,intersection-2d,primitive,profiler,occlusion-query,geometry-renderer,debug-renderer,audio,video,xr,light-probe,terrain,webview,tween,tiled-map,spine,dragon-bones,marionette,custom-pipeline,websocket,websocket-server
debug: Our import map(foo:/bar): {
  "imports": {
    "cc": "cce:/internal/x/cc"
  }
}
debug: Initializing target [Preview]
debug: Loading cache
debug: Loading cache costs 64.28110000491142ms.
debug: Our import map(foo:/bar): {
  "imports": {
    "cc": "cce:/internal/x/cc"
  }
}
debug: Sync engine features: 2d,animation,audio,base,dragon-bones,gfx-webgl,gfx-webgl2,intersection-2d,particle-2d,physics-2d-box2d,profiler,spine,tiled-map,tween,ui,video,webview
debug: Reset databases. Enumerated domains: [
  {
    "root": "db://internal/",
    "physical": "C:\\ProgramData\\cocos\\editors\\Creator\\3.7.3\\resources\\resources\\3d\\engine\\editor\\assets"
  },
  {
    "root": "db://assets/",
    "physical": "C:\\Users\\jmluc\\FracturableObjects\\assets"
  }
]
debug: Our import map(foo:/bar): {
  "imports": {
    "cc": "cce:/internal/x/cc",
    "db://internal/": "file:///C:/ProgramData/cocos/editors/Creator/3.7.3/resources/resources/3d/engine/editor/assets/",
    "db://assets/": "file:///C:/Users/jmluc/FracturableObjects/assets/"
  }
}
debug: Our import map(foo:/bar): {
  "imports": {
    "cc": "cce:/internal/x/cc",
    "db://internal/": "file:///C:/ProgramData/cocos/editors/Creator/3.7.3/resources/resources/3d/engine/editor/assets/",
    "db://assets/": "file:///C:/Users/jmluc/FracturableObjects/assets/"
  }
}
debug: Pulling asset-db.
debug: Fetch asset-db cost: 68.89800000190735ms.
debug: Build iteration starts.
Number of accumulated asset changes: 26
Feature changed: false
debug: Target(editor) build started.
debug: Detected change: cce:/internal/x/cc. Last mtime: Wed Dec 31 1969 21:00:55 GMT-0300 (hora estándar de Argentina), Current mtime: Wed Dec 31 1969 21:00:26 GMT-0300 (hora estándar de Argentina)
debug: Inspect cce:/internal/x/cc
debug: Resolve cce:/internal/x/cc-fu/base from cce:/internal/x/cc as external dependency cce:/internal/x/cc-fu/base.
debug: Resolve cce:/internal/x/cc-fu/gfx-webgl from cce:/internal/x/cc as external dependency cce:/internal/x/cc-fu/gfx-webgl.
debug: Resolve cce:/internal/x/cc-fu/gfx-webgl2 from cce:/internal/x/cc as external dependency cce:/internal/x/cc-fu/gfx-webgl2.
debug: Resolve cce:/internal/x/cc-fu/gfx-empty from cce:/internal/x/cc as external dependency cce:/internal/x/cc-fu/gfx-empty.
debug: Resolve cce:/internal/x/cc-fu/3d from cce:/internal/x/cc as external dependency cce:/internal/x/cc-fu/3d.
debug: Resolve cce:/internal/x/cc-fu/animation from cce:/internal/x/cc as external dependency cce:/internal/x/cc-fu/animation.
debug: Resolve cce:/internal/x/cc-fu/skeletal-animation from cce:/internal/x/cc as external dependency cce:/internal/x/cc-fu/skeletal-animation.
debug: Resolve cce:/internal/x/cc-fu/2d from cce:/internal/x/cc as external dependency cce:/internal/x/cc-fu/2d.
debug: Resolve cce:/internal/x/cc-fu/sorting from cce:/internal/x/cc as external dependency cce:/internal/x/cc-fu/sorting.
debug: Resolve cce:/internal/x/cc-fu/ui from cce:/internal/x/cc as external dependency cce:/internal/x/cc-fu/ui.
debug: Resolve cce:/internal/x/cc-fu/particle from cce:/internal/x/cc as external dependency cce:/internal/x/cc-fu/particle.
debug: Resolve cce:/internal/x/cc-fu/particle-2d from cce:/internal/x/cc as external dependency cce:/internal/x/cc-fu/particle-2d.
debug: Resolve cce:/internal/x/cc-fu/physics-framework from cce:/internal/x/cc as external dependency cce:/internal/x/cc-fu/physics-framework.
debug: Resolve cce:/internal/x/cc-fu/physics-2d-framework from cce:/internal/x/cc as external dependency cce:/internal/x/cc-fu/physics-2d-framework.
debug: Resolve cce:/internal/x/cc-fu/intersection-2d from cce:/internal/x/cc as external dependency cce:/internal/x/cc-fu/intersection-2d.
debug: Resolve cce:/internal/x/cc-fu/primitive from cce:/internal/x/cc as external dependency cce:/internal/x/cc-fu/primitive.
debug: Resolve cce:/internal/x/cc-fu/profiler from cce:/internal/x/cc as external dependency cce:/internal/x/cc-fu/profiler.
debug: Resolve cce:/internal/x/cc-fu/geometry-renderer from cce:/internal/x/cc as external dependency cce:/internal/x/cc-fu/geometry-renderer.
debug: Resolve cce:/internal/x/cc-fu/audio from cce:/internal/x/cc as external dependency cce:/internal/x/cc-fu/audio.
debug: Resolve cce:/internal/x/cc-fu/video from cce:/internal/x/cc as external dependency cce:/internal/x/cc-fu/video.
debug: Resolve cce:/internal/x/cc-fu/xr from cce:/internal/x/cc as external dependency cce:/internal/x/cc-fu/xr.
debug: Resolve cce:/internal/x/cc-fu/light-probe from cce:/internal/x/cc as external dependency cce:/internal/x/cc-fu/light-probe.
debug: Resolve cce:/internal/x/cc-fu/terrain from cce:/internal/x/cc as external dependency cce:/internal/x/cc-fu/terrain.
debug: Resolve cce:/internal/x/cc-fu/webview from cce:/internal/x/cc as external dependency cce:/internal/x/cc-fu/webview.
debug: Resolve cce:/internal/x/cc-fu/tween from cce:/internal/x/cc as external dependency cce:/internal/x/cc-fu/tween.
debug: Resolve cce:/internal/x/cc-fu/tiled-map from cce:/internal/x/cc as external dependency cce:/internal/x/cc-fu/tiled-map.
debug: Resolve cce:/internal/x/cc-fu/spine from cce:/internal/x/cc as external dependency cce:/internal/x/cc-fu/spine.
debug: Resolve cce:/internal/x/cc-fu/dragon-bones from cce:/internal/x/cc as external dependency cce:/internal/x/cc-fu/dragon-bones.
debug: Resolve cce:/internal/x/cc-fu/custom-pipeline from cce:/internal/x/cc as external dependency cce:/internal/x/cc-fu/custom-pipeline.
debug: Detected change: cce:/internal/x/prerequisite-imports. Last mtime: Wed Dec 31 1969 23:51:07 GMT-0300 (hora estándar de Argentina), Current mtime: Wed Dec 31 1969 21:00:26 GMT-0300 (hora estándar de Argentina)
debug: Inspect cce:/internal/x/prerequisite-imports
debug: Resolve file:///C:/ProgramData/cocos/editors/Creator/3.7.3/resources/resources/3d/engine/editor/assets/tools/debug-view-runtime-control.ts from cce:/internal/x/prerequisite-imports as file:///C:/ProgramData/cocos/editors/Creator/3.7.3/resources/resources/3d/engine/editor/assets/tools/debug-view-runtime-control.ts.
debug: Resolve cc from file:///C:/ProgramData/cocos/editors/Creator/3.7.3/resources/resources/3d/engine/editor/assets/tools/debug-view-runtime-control.ts as cce:/internal/x/cc.
debug: Resolve cc from file:///C:/ProgramData/cocos/editors/Creator/3.7.3/resources/resources/3d/engine/editor/assets/tools/debug-view-runtime-control.ts as cce:/internal/x/cc.
debug: Resolve cc from file:///C:/ProgramData/cocos/editors/Creator/3.7.3/resources/resources/3d/engine/editor/assets/tools/debug-view-runtime-control.ts as cce:/internal/x/cc.
debug: Resolve file:///C:/Users/jmluc/FracturableObjects/assets/Scripts/ButtonScript.ts from cce:/internal/x/prerequisite-imports as file:///C:/Users/jmluc/FracturableObjects/assets/Scripts/ButtonScript.ts.
debug: Resolve cc from file:///C:/Users/jmluc/FracturableObjects/assets/Scripts/ButtonScript.ts as cce:/internal/x/cc.
debug: Resolve cc from file:///C:/Users/jmluc/FracturableObjects/assets/Scripts/ButtonScript.ts as cce:/internal/x/cc.
debug: Resolve cc from file:///C:/Users/jmluc/FracturableObjects/assets/Scripts/ButtonScript.ts as cce:/internal/x/cc.
debug: Resolve cc from file:///C:/Users/jmluc/FracturableObjects/assets/Scripts/ButtonScript.ts as cce:/internal/x/cc.
debug: Resolve cc from file:///C:/Users/jmluc/FracturableObjects/assets/Scripts/ButtonScript.ts as cce:/internal/x/cc.
debug: Resolve cc from file:///C:/Users/jmluc/FracturableObjects/assets/Scripts/ButtonScript.ts as cce:/internal/x/cc.
debug: Resolve file:///C:/Users/jmluc/FracturableObjects/assets/Scripts/DelaunayPackage/Delaunay.ts from cce:/internal/x/prerequisite-imports as file:///C:/Users/jmluc/FracturableObjects/assets/Scripts/DelaunayPackage/Delaunay.ts.
debug: Resolve cc from file:///C:/Users/jmluc/FracturableObjects/assets/Scripts/DelaunayPackage/Delaunay.ts as cce:/internal/x/cc.
debug: Resolve cc from file:///C:/Users/jmluc/FracturableObjects/assets/Scripts/DelaunayPackage/Delaunay.ts as cce:/internal/x/cc.
debug: Resolve cc from file:///C:/Users/jmluc/FracturableObjects/assets/Scripts/DelaunayPackage/Delaunay.ts as cce:/internal/x/cc.
debug: Resolve file:///C:/Users/jmluc/FracturableObjects/assets/Scripts/DelaunayPackage/DelaunayAssembler.ts from cce:/internal/x/prerequisite-imports as file:///C:/Users/jmluc/FracturableObjects/assets/Scripts/DelaunayPackage/DelaunayAssembler.ts.
debug: Resolve cce:/internal/code-quality/cr.mjs from file:///C:/Users/jmluc/FracturableObjects/assets/Scripts/DelaunayPackage/DelaunayAssembler.ts as cce:/internal/code-quality/cr.mjs.
debug: Detected change: cce:/internal/code-quality/cr.mjs. Last mtime: Fri Oct 13 2023 23:50:35 GMT-0300 (hora estándar de Argentina), Current mtime: Sat Oct 14 2023 18:59:26 GMT-0300 (hora estándar de Argentina)
debug: Inspect cce:/internal/code-quality/cr.mjs
debug: Resolve cc from file:///C:/Users/jmluc/FracturableObjects/assets/Scripts/DelaunayPackage/DelaunayAssembler.ts as cce:/internal/x/cc.
debug: Resolve cc from file:///C:/Users/jmluc/FracturableObjects/assets/Scripts/DelaunayPackage/DelaunayAssembler.ts as cce:/internal/x/cc.
debug: Resolve cc from file:///C:/Users/jmluc/FracturableObjects/assets/Scripts/DelaunayPackage/DelaunayAssembler.ts as cce:/internal/x/cc.
debug: Resolve ./earcut from file:///C:/Users/jmluc/FracturableObjects/assets/Scripts/DelaunayPackage/DelaunayAssembler.ts as file:///C:/Users/jmluc/FracturableObjects/assets/Scripts/DelaunayPackage/earcut.ts.
debug: Resolve cc from file:///C:/Users/jmluc/FracturableObjects/assets/Scripts/DelaunayPackage/earcut.ts as cce:/internal/x/cc.
debug: Resolve file:///C:/Users/jmluc/FracturableObjects/assets/Scripts/DelaunayPackage/DelaunayAssemblerImplementer.ts from cce:/internal/x/prerequisite-imports as file:///C:/Users/jmluc/FracturableObjects/assets/Scripts/DelaunayPackage/DelaunayAssemblerImplementer.ts.
debug: Resolve cce:/internal/code-quality/cr.mjs from file:///C:/Users/jmluc/FracturableObjects/assets/Scripts/DelaunayPackage/DelaunayAssemblerImplementer.ts as cce:/internal/code-quality/cr.mjs.
debug: Resolve cc from file:///C:/Users/jmluc/FracturableObjects/assets/Scripts/DelaunayPackage/DelaunayAssemblerImplementer.ts as cce:/internal/x/cc.
debug: Resolve cc from file:///C:/Users/jmluc/FracturableObjects/assets/Scripts/DelaunayPackage/DelaunayAssemblerImplementer.ts as cce:/internal/x/cc.
debug: Resolve cc from file:///C:/Users/jmluc/FracturableObjects/assets/Scripts/DelaunayPackage/DelaunayAssemblerImplementer.ts as cce:/internal/x/cc.
debug: Resolve ./DelaunayAssembler from file:///C:/Users/jmluc/FracturableObjects/assets/Scripts/DelaunayPackage/DelaunayAssemblerImplementer.ts as file:///C:/Users/jmluc/FracturableObjects/assets/Scripts/DelaunayPackage/DelaunayAssembler.ts.
debug: Resolve file:///C:/Users/jmluc/FracturableObjects/assets/Scripts/DelaunayPackage/DelaunayFracturable.ts from cce:/internal/x/prerequisite-imports as file:///C:/Users/jmluc/FracturableObjects/assets/Scripts/DelaunayPackage/DelaunayFracturable.ts.
debug: Resolve cc from file:///C:/Users/jmluc/FracturableObjects/assets/Scripts/DelaunayPackage/DelaunayFracturable.ts as cce:/internal/x/cc.
debug: Resolve cc from file:///C:/Users/jmluc/FracturableObjects/assets/Scripts/DelaunayPackage/DelaunayFracturable.ts as cce:/internal/x/cc.
debug: Resolve cc from file:///C:/Users/jmluc/FracturableObjects/assets/Scripts/DelaunayPackage/DelaunayFracturable.ts as cce:/internal/x/cc.
debug: Resolve file:///C:/Users/jmluc/FracturableObjects/assets/Scripts/DelaunayPackage/DelaunayFractureClass.ts from cce:/internal/x/prerequisite-imports as file:///C:/Users/jmluc/FracturableObjects/assets/Scripts/DelaunayPackage/DelaunayFractureClass.ts.
debug: Resolve cce:/internal/code-quality/cr.mjs from file:///C:/Users/jmluc/FracturableObjects/assets/Scripts/DelaunayPackage/DelaunayFractureClass.ts as cce:/internal/code-quality/cr.mjs.
debug: Resolve cc from file:///C:/Users/jmluc/FracturableObjects/assets/Scripts/DelaunayPackage/DelaunayFractureClass.ts as cce:/internal/x/cc.
debug: Resolve cc from file:///C:/Users/jmluc/FracturableObjects/assets/Scripts/DelaunayPackage/DelaunayFractureClass.ts as cce:/internal/x/cc.
debug: Resolve cc from file:///C:/Users/jmluc/FracturableObjects/assets/Scripts/DelaunayPackage/DelaunayFractureClass.ts as cce:/internal/x/cc.
debug: Resolve file:///C:/Users/jmluc/FracturableObjects/assets/Scripts/DelaunayPackage/DelaunaySplitter.ts from cce:/internal/x/prerequisite-imports as file:///C:/Users/jmluc/FracturableObjects/assets/Scripts/DelaunayPackage/DelaunaySplitter.ts.
debug: Resolve cce:/internal/code-quality/cr.mjs from file:///C:/Users/jmluc/FracturableObjects/assets/Scripts/DelaunayPackage/DelaunaySplitter.ts as cce:/internal/code-quality/cr.mjs.
debug: Resolve cc from file:///C:/Users/jmluc/FracturableObjects/assets/Scripts/DelaunayPackage/DelaunaySplitter.ts as cce:/internal/x/cc.
debug: Resolve cc from file:///C:/Users/jmluc/FracturableObjects/assets/Scripts/DelaunayPackage/DelaunaySplitter.ts as cce:/internal/x/cc.
debug: Resolve cc from file:///C:/Users/jmluc/FracturableObjects/assets/Scripts/DelaunayPackage/DelaunaySplitter.ts as cce:/internal/x/cc.
debug: Resolve ./Delaunay from file:///C:/Users/jmluc/FracturableObjects/assets/Scripts/DelaunayPackage/DelaunaySplitter.ts as file:///C:/Users/jmluc/FracturableObjects/assets/Scripts/DelaunayPackage/Delaunay.ts.
debug: Resolve file:///C:/Users/jmluc/FracturableObjects/assets/Scripts/DelaunayPackage/FractDelaunay.ts from cce:/internal/x/prerequisite-imports as file:///C:/Users/jmluc/FracturableObjects/assets/Scripts/DelaunayPackage/FractDelaunay.ts.
debug: Resolve cce:/internal/code-quality/cr.mjs from file:///C:/Users/jmluc/FracturableObjects/assets/Scripts/DelaunayPackage/FractDelaunay.ts as cce:/internal/code-quality/cr.mjs.
debug: Resolve cc from file:///C:/Users/jmluc/FracturableObjects/assets/Scripts/DelaunayPackage/FractDelaunay.ts as cce:/internal/x/cc.
debug: Resolve cc from file:///C:/Users/jmluc/FracturableObjects/assets/Scripts/DelaunayPackage/FractDelaunay.ts as cce:/internal/x/cc.
debug: Resolve cc from file:///C:/Users/jmluc/FracturableObjects/assets/Scripts/DelaunayPackage/FractDelaunay.ts as cce:/internal/x/cc.
debug: Resolve ./DelaunayAssemblerImplementer from file:///C:/Users/jmluc/FracturableObjects/assets/Scripts/DelaunayPackage/FractDelaunay.ts as file:///C:/Users/jmluc/FracturableObjects/assets/Scripts/DelaunayPackage/DelaunayAssemblerImplementer.ts.
debug: Resolve ./DelaunaySplitter from file:///C:/Users/jmluc/FracturableObjects/assets/Scripts/DelaunayPackage/FractDelaunay.ts as file:///C:/Users/jmluc/FracturableObjects/assets/Scripts/DelaunayPackage/DelaunaySplitter.ts.
debug: Resolve ./StaticFractureManager from file:///C:/Users/jmluc/FracturableObjects/assets/Scripts/DelaunayPackage/FractDelaunay.ts as file:///C:/Users/jmluc/FracturableObjects/assets/Scripts/DelaunayPackage/StaticFractureManager.ts.
debug: Resolve cce:/internal/code-quality/cr.mjs from file:///C:/Users/jmluc/FracturableObjects/assets/Scripts/DelaunayPackage/StaticFractureManager.ts as cce:/internal/code-quality/cr.mjs.
debug: Resolve cc from file:///C:/Users/jmluc/FracturableObjects/assets/Scripts/DelaunayPackage/StaticFractureManager.ts as cce:/internal/x/cc.
debug: Resolve cc from file:///C:/Users/jmluc/FracturableObjects/assets/Scripts/DelaunayPackage/StaticFractureManager.ts as cce:/internal/x/cc.
debug: Resolve cc from file:///C:/Users/jmluc/FracturableObjects/assets/Scripts/DelaunayPackage/StaticFractureManager.ts as cce:/internal/x/cc.
debug: Resolve ./FractDelaunay from file:///C:/Users/jmluc/FracturableObjects/assets/Scripts/DelaunayPackage/StaticFractureManager.ts as file:///C:/Users/jmluc/FracturableObjects/assets/Scripts/DelaunayPackage/FractDelaunay.ts.
debug: Resolve ./DelaunaySplitter from file:///C:/Users/jmluc/FracturableObjects/assets/Scripts/DelaunayPackage/StaticFractureManager.ts as file:///C:/Users/jmluc/FracturableObjects/assets/Scripts/DelaunayPackage/DelaunaySplitter.ts.
debug: Resolve ./DelaunayAssemblerImplementer from file:///C:/Users/jmluc/FracturableObjects/assets/Scripts/DelaunayPackage/StaticFractureManager.ts as file:///C:/Users/jmluc/FracturableObjects/assets/Scripts/DelaunayPackage/DelaunayAssemblerImplementer.ts.
debug: Resolve ./earcut from file:///C:/Users/jmluc/FracturableObjects/assets/Scripts/DelaunayPackage/StaticFractureManager.ts as file:///C:/Users/jmluc/FracturableObjects/assets/Scripts/DelaunayPackage/earcut.ts.
debug: Resolve file:///C:/Users/jmluc/FracturableObjects/assets/Scripts/DelaunayPackage/StaticFractureManager.ts from cce:/internal/x/prerequisite-imports as file:///C:/Users/jmluc/FracturableObjects/assets/Scripts/DelaunayPackage/StaticFractureManager.ts.
debug: Resolve file:///C:/Users/jmluc/FracturableObjects/assets/Scripts/DelaunayPackage/StocasticsScatter/Tests/StocasticsUTest.ts from cce:/internal/x/prerequisite-imports as file:///C:/Users/jmluc/FracturableObjects/assets/Scripts/DelaunayPackage/StocasticsScatter/Tests/StocasticsUTest.ts.
debug: Resolve cce:/internal/code-quality/cr.mjs from file:///C:/Users/jmluc/FracturableObjects/assets/Scripts/DelaunayPackage/StocasticsScatter/Tests/StocasticsUTest.ts as cce:/internal/code-quality/cr.mjs.
debug: Resolve cc from file:///C:/Users/jmluc/FracturableObjects/assets/Scripts/DelaunayPackage/StocasticsScatter/Tests/StocasticsUTest.ts as cce:/internal/x/cc.
debug: Resolve cc from file:///C:/Users/jmluc/FracturableObjects/assets/Scripts/DelaunayPackage/StocasticsScatter/Tests/StocasticsUTest.ts as cce:/internal/x/cc.
debug: Resolve cc from file:///C:/Users/jmluc/FracturableObjects/assets/Scripts/DelaunayPackage/StocasticsScatter/Tests/StocasticsUTest.ts as cce:/internal/x/cc.
debug: Resolve ../../../UTest from file:///C:/Users/jmluc/FracturableObjects/assets/Scripts/DelaunayPackage/StocasticsScatter/Tests/StocasticsUTest.ts as file:///C:/Users/jmluc/FracturableObjects/assets/Scripts/UTest.ts.
debug: Resolve cc from file:///C:/Users/jmluc/FracturableObjects/assets/Scripts/UTest.ts as cce:/internal/x/cc.
debug: Resolve cc from file:///C:/Users/jmluc/FracturableObjects/assets/Scripts/UTest.ts as cce:/internal/x/cc.
debug: Resolve cc from file:///C:/Users/jmluc/FracturableObjects/assets/Scripts/UTest.ts as cce:/internal/x/cc.
debug: Resolve file:///C:/Users/jmluc/FracturableObjects/assets/Scripts/DelaunayPackage/UnitTest.ts from cce:/internal/x/prerequisite-imports as file:///C:/Users/jmluc/FracturableObjects/assets/Scripts/DelaunayPackage/UnitTest.ts.
debug: Resolve cce:/internal/code-quality/cr.mjs from file:///C:/Users/jmluc/FracturableObjects/assets/Scripts/DelaunayPackage/UnitTest.ts as cce:/internal/code-quality/cr.mjs.
debug: Resolve cc from file:///C:/Users/jmluc/FracturableObjects/assets/Scripts/DelaunayPackage/UnitTest.ts as cce:/internal/x/cc.
debug: Resolve cc from file:///C:/Users/jmluc/FracturableObjects/assets/Scripts/DelaunayPackage/UnitTest.ts as cce:/internal/x/cc.
debug: Resolve cc from file:///C:/Users/jmluc/FracturableObjects/assets/Scripts/DelaunayPackage/UnitTest.ts as cce:/internal/x/cc.
debug: Resolve ../LinkNodeClass from file:///C:/Users/jmluc/FracturableObjects/assets/Scripts/DelaunayPackage/UnitTest.ts as file:///C:/Users/jmluc/FracturableObjects/assets/Scripts/LinkNodeClass.ts.
debug: Resolve cc from file:///C:/Users/jmluc/FracturableObjects/assets/Scripts/LinkNodeClass.ts as cce:/internal/x/cc.
debug: Resolve cc from file:///C:/Users/jmluc/FracturableObjects/assets/Scripts/LinkNodeClass.ts as cce:/internal/x/cc.
debug: Resolve cc from file:///C:/Users/jmluc/FracturableObjects/assets/Scripts/LinkNodeClass.ts as cce:/internal/x/cc.
debug: Resolve ./DelaunaySplitter from file:///C:/Users/jmluc/FracturableObjects/assets/Scripts/DelaunayPackage/UnitTest.ts as file:///C:/Users/jmluc/FracturableObjects/assets/Scripts/DelaunayPackage/DelaunaySplitter.ts.
debug: Resolve ./earcut from file:///C:/Users/jmluc/FracturableObjects/assets/Scripts/DelaunayPackage/UnitTest.ts as file:///C:/Users/jmluc/FracturableObjects/assets/Scripts/DelaunayPackage/earcut.ts.
debug: Resolve file:///C:/Users/jmluc/FracturableObjects/assets/Scripts/DelaunayPackage/WholeDelaunay.ts from cce:/internal/x/prerequisite-imports as file:///C:/Users/jmluc/FracturableObjects/assets/Scripts/DelaunayPackage/WholeDelaunay.ts.
debug: Resolve cce:/internal/code-quality/cr.mjs from file:///C:/Users/jmluc/FracturableObjects/assets/Scripts/DelaunayPackage/WholeDelaunay.ts as cce:/internal/code-quality/cr.mjs.
debug: Resolve cc from file:///C:/Users/jmluc/FracturableObjects/assets/Scripts/DelaunayPackage/WholeDelaunay.ts as cce:/internal/x/cc.
debug: Resolve cc from file:///C:/Users/jmluc/FracturableObjects/assets/Scripts/DelaunayPackage/WholeDelaunay.ts as cce:/internal/x/cc.
debug: Resolve cc from file:///C:/Users/jmluc/FracturableObjects/assets/Scripts/DelaunayPackage/WholeDelaunay.ts as cce:/internal/x/cc.
debug: Resolve ./DelaunaySplitter from file:///C:/Users/jmluc/FracturableObjects/assets/Scripts/DelaunayPackage/WholeDelaunay.ts as file:///C:/Users/jmluc/FracturableObjects/assets/Scripts/DelaunayPackage/DelaunaySplitter.ts.
debug: Resolve file:///C:/Users/jmluc/FracturableObjects/assets/Scripts/DelaunayPackage/earcut.ts from cce:/internal/x/prerequisite-imports as file:///C:/Users/jmluc/FracturableObjects/assets/Scripts/DelaunayPackage/earcut.ts.
debug: Resolve file:///C:/Users/jmluc/FracturableObjects/assets/Scripts/DraggableStomper.ts from cce:/internal/x/prerequisite-imports as file:///C:/Users/jmluc/FracturableObjects/assets/Scripts/DraggableStomper.ts.
debug: Resolve cc from file:///C:/Users/jmluc/FracturableObjects/assets/Scripts/DraggableStomper.ts as cce:/internal/x/cc.
debug: Resolve cc from file:///C:/Users/jmluc/FracturableObjects/assets/Scripts/DraggableStomper.ts as cce:/internal/x/cc.
debug: Resolve cc from file:///C:/Users/jmluc/FracturableObjects/assets/Scripts/DraggableStomper.ts as cce:/internal/x/cc.
debug: Resolve file:///C:/Users/jmluc/FracturableObjects/assets/Scripts/LinkNodeClass.ts from cce:/internal/x/prerequisite-imports as file:///C:/Users/jmluc/FracturableObjects/assets/Scripts/LinkNodeClass.ts.
debug: Resolve file:///C:/Users/jmluc/FracturableObjects/assets/Scripts/PlainVertexClass.ts from cce:/internal/x/prerequisite-imports as file:///C:/Users/jmluc/FracturableObjects/assets/Scripts/PlainVertexClass.ts.
debug: Resolve cce:/internal/code-quality/cr.mjs from file:///C:/Users/jmluc/FracturableObjects/assets/Scripts/PlainVertexClass.ts as cce:/internal/code-quality/cr.mjs.
debug: Resolve cc from file:///C:/Users/jmluc/FracturableObjects/assets/Scripts/PlainVertexClass.ts as cce:/internal/x/cc.
debug: Resolve cc from file:///C:/Users/jmluc/FracturableObjects/assets/Scripts/PlainVertexClass.ts as cce:/internal/x/cc.
debug: Resolve cc from file:///C:/Users/jmluc/FracturableObjects/assets/Scripts/PlainVertexClass.ts as cce:/internal/x/cc.
debug: Resolve file:///C:/Users/jmluc/FracturableObjects/assets/Scripts/ScrollContentSizer.ts from cce:/internal/x/prerequisite-imports as file:///C:/Users/jmluc/FracturableObjects/assets/Scripts/ScrollContentSizer.ts.
debug: Resolve cc from file:///C:/Users/jmluc/FracturableObjects/assets/Scripts/ScrollContentSizer.ts as cce:/internal/x/cc.
debug: Resolve cc from file:///C:/Users/jmluc/FracturableObjects/assets/Scripts/ScrollContentSizer.ts as cce:/internal/x/cc.
debug: Resolve cc from file:///C:/Users/jmluc/FracturableObjects/assets/Scripts/ScrollContentSizer.ts as cce:/internal/x/cc.
debug: Resolve file:///C:/Users/jmluc/FracturableObjects/assets/Scripts/Tesselation/Tessellation.ts from cce:/internal/x/prerequisite-imports as file:///C:/Users/jmluc/FracturableObjects/assets/Scripts/Tesselation/Tessellation.ts.
debug: Resolve cce:/internal/code-quality/cr.mjs from file:///C:/Users/jmluc/FracturableObjects/assets/Scripts/Tesselation/Tessellation.ts as cce:/internal/code-quality/cr.mjs.
debug: Resolve cc from file:///C:/Users/jmluc/FracturableObjects/assets/Scripts/Tesselation/Tessellation.ts as cce:/internal/x/cc.
debug: Resolve cc from file:///C:/Users/jmluc/FracturableObjects/assets/Scripts/Tesselation/Tessellation.ts as cce:/internal/x/cc.
debug: Resolve cc from file:///C:/Users/jmluc/FracturableObjects/assets/Scripts/Tesselation/Tessellation.ts as cce:/internal/x/cc.
debug: Resolve ../DelaunayPackage/earcut from file:///C:/Users/jmluc/FracturableObjects/assets/Scripts/Tesselation/Tessellation.ts as file:///C:/Users/jmluc/FracturableObjects/assets/Scripts/DelaunayPackage/earcut.ts.
debug: Resolve file:///C:/Users/jmluc/FracturableObjects/assets/Scripts/Tesselation/Tests/TessellationTest.ts from cce:/internal/x/prerequisite-imports as file:///C:/Users/jmluc/FracturableObjects/assets/Scripts/Tesselation/Tests/TessellationTest.ts.
debug: Resolve cce:/internal/code-quality/cr.mjs from file:///C:/Users/jmluc/FracturableObjects/assets/Scripts/Tesselation/Tests/TessellationTest.ts as cce:/internal/code-quality/cr.mjs.
debug: Resolve cc from file:///C:/Users/jmluc/FracturableObjects/assets/Scripts/Tesselation/Tests/TessellationTest.ts as cce:/internal/x/cc.
debug: Resolve cc from file:///C:/Users/jmluc/FracturableObjects/assets/Scripts/Tesselation/Tests/TessellationTest.ts as cce:/internal/x/cc.
debug: Resolve cc from file:///C:/Users/jmluc/FracturableObjects/assets/Scripts/Tesselation/Tests/TessellationTest.ts as cce:/internal/x/cc.
debug: Resolve ../../Tesselation/Tessellation from file:///C:/Users/jmluc/FracturableObjects/assets/Scripts/Tesselation/Tests/TessellationTest.ts as file:///C:/Users/jmluc/FracturableObjects/assets/Scripts/Tesselation/Tessellation.ts.
debug: Resolve ../../DelaunayPackage/earcut from file:///C:/Users/jmluc/FracturableObjects/assets/Scripts/Tesselation/Tests/TessellationTest.ts as file:///C:/Users/jmluc/FracturableObjects/assets/Scripts/DelaunayPackage/earcut.ts.
debug: Resolve ../../UTest from file:///C:/Users/jmluc/FracturableObjects/assets/Scripts/Tesselation/Tests/TessellationTest.ts as file:///C:/Users/jmluc/FracturableObjects/assets/Scripts/UTest.ts.
debug: Resolve file:///C:/Users/jmluc/FracturableObjects/assets/Scripts/TestClasses.ts from cce:/internal/x/prerequisite-imports as file:///C:/Users/jmluc/FracturableObjects/assets/Scripts/TestClasses.ts.
debug: Resolve cc from file:///C:/Users/jmluc/FracturableObjects/assets/Scripts/TestClasses.ts as cce:/internal/x/cc.
debug: Resolve cc from file:///C:/Users/jmluc/FracturableObjects/assets/Scripts/TestClasses.ts as cce:/internal/x/cc.
debug: Resolve cc from file:///C:/Users/jmluc/FracturableObjects/assets/Scripts/TestClasses.ts as cce:/internal/x/cc.
debug: Resolve file:///C:/Users/jmluc/FracturableObjects/assets/Scripts/TestLoader.ts from cce:/internal/x/prerequisite-imports as file:///C:/Users/jmluc/FracturableObjects/assets/Scripts/TestLoader.ts.
debug: Resolve cce:/internal/code-quality/cr.mjs from file:///C:/Users/jmluc/FracturableObjects/assets/Scripts/TestLoader.ts as cce:/internal/code-quality/cr.mjs.
debug: Resolve cc from file:///C:/Users/jmluc/FracturableObjects/assets/Scripts/TestLoader.ts as cce:/internal/x/cc.
debug: Resolve cc from file:///C:/Users/jmluc/FracturableObjects/assets/Scripts/TestLoader.ts as cce:/internal/x/cc.
debug: Resolve cc from file:///C:/Users/jmluc/FracturableObjects/assets/Scripts/TestLoader.ts as cce:/internal/x/cc.
debug: Resolve ./Tesselation/Tests/TessellationTest from file:///C:/Users/jmluc/FracturableObjects/assets/Scripts/TestLoader.ts as file:///C:/Users/jmluc/FracturableObjects/assets/Scripts/Tesselation/Tests/TessellationTest.ts.
debug: Resolve ./DelaunayPackage/StocasticsScatter/Tests/StocasticsUTest from file:///C:/Users/jmluc/FracturableObjects/assets/Scripts/TestLoader.ts as file:///C:/Users/jmluc/FracturableObjects/assets/Scripts/DelaunayPackage/StocasticsScatter/Tests/StocasticsUTest.ts.
debug: Resolve ./UTest from file:///C:/Users/jmluc/FracturableObjects/assets/Scripts/TestLoader.ts as file:///C:/Users/jmluc/FracturableObjects/assets/Scripts/UTest.ts.
debug: Resolve file:///C:/Users/jmluc/FracturableObjects/assets/Scripts/UTest.ts from cce:/internal/x/prerequisite-imports as file:///C:/Users/jmluc/FracturableObjects/assets/Scripts/UTest.ts.
debug: Resolve file:///C:/Users/jmluc/FracturableObjects/assets/Scripts/UnitTest.ts from cce:/internal/x/prerequisite-imports as file:///C:/Users/jmluc/FracturableObjects/assets/Scripts/UnitTest.ts.
debug: Resolve cc from file:///C:/Users/jmluc/FracturableObjects/assets/Scripts/UnitTest.ts as cce:/internal/x/cc.
debug: Resolve cc from file:///C:/Users/jmluc/FracturableObjects/assets/Scripts/UnitTest.ts as cce:/internal/x/cc.
debug: Resolve cc from file:///C:/Users/jmluc/FracturableObjects/assets/Scripts/UnitTest.ts as cce:/internal/x/cc.
debug: Resolve file:///C:/Users/jmluc/FracturableObjects/assets/Scripts/Voronoi.ts from cce:/internal/x/prerequisite-imports as file:///C:/Users/jmluc/FracturableObjects/assets/Scripts/Voronoi.ts.
debug: Resolve cc from file:///C:/Users/jmluc/FracturableObjects/assets/Scripts/Voronoi.ts as cce:/internal/x/cc.
debug: Resolve cc from file:///C:/Users/jmluc/FracturableObjects/assets/Scripts/Voronoi.ts as cce:/internal/x/cc.
debug: Resolve cc from file:///C:/Users/jmluc/FracturableObjects/assets/Scripts/Voronoi.ts as cce:/internal/x/cc.
debug: Resolve file:///C:/Users/jmluc/FracturableObjects/assets/Utest.utest.ts from cce:/internal/x/prerequisite-imports as file:///C:/Users/jmluc/FracturableObjects/assets/Utest.utest.ts.
debug: Resolve cc from file:///C:/Users/jmluc/FracturableObjects/assets/Utest.utest.ts as cce:/internal/x/cc.
debug: Resolve cc from file:///C:/Users/jmluc/FracturableObjects/assets/Utest.utest.ts as cce:/internal/x/cc.
debug: Resolve cc from file:///C:/Users/jmluc/FracturableObjects/assets/Utest.utest.ts as cce:/internal/x/cc.
debug: Target(editor) ends with cost 419.10079999268055ms.
debug: Target(preview) build started.
debug: Detected change: cce:/internal/x/cc. Last mtime: Wed Dec 31 1969 21:00:55 GMT-0300 (hora estándar de Argentina), Current mtime: Wed Dec 31 1969 21:00:26 GMT-0300 (hora estándar de Argentina)
debug: Inspect cce:/internal/x/cc
debug: Resolve cce:/internal/x/cc-fu/2d from cce:/internal/x/cc as external dependency cce:/internal/x/cc-fu/2d.
debug: Resolve cce:/internal/x/cc-fu/sorting from cce:/internal/x/cc as external dependency cce:/internal/x/cc-fu/sorting.
debug: Resolve cce:/internal/x/cc-fu/animation from cce:/internal/x/cc as external dependency cce:/internal/x/cc-fu/animation.
debug: Resolve cce:/internal/x/cc-fu/audio from cce:/internal/x/cc as external dependency cce:/internal/x/cc-fu/audio.
debug: Resolve cce:/internal/x/cc-fu/base from cce:/internal/x/cc as external dependency cce:/internal/x/cc-fu/base.
debug: Resolve cce:/internal/x/cc-fu/dragon-bones from cce:/internal/x/cc as external dependency cce:/internal/x/cc-fu/dragon-bones.
debug: Resolve cce:/internal/x/cc-fu/gfx-webgl from cce:/internal/x/cc as external dependency cce:/internal/x/cc-fu/gfx-webgl.
debug: Resolve cce:/internal/x/cc-fu/gfx-webgl2 from cce:/internal/x/cc as external dependency cce:/internal/x/cc-fu/gfx-webgl2.
debug: Resolve cce:/internal/x/cc-fu/intersection-2d from cce:/internal/x/cc as external dependency cce:/internal/x/cc-fu/intersection-2d.
debug: Resolve cce:/internal/x/cc-fu/particle-2d from cce:/internal/x/cc as external dependency cce:/internal/x/cc-fu/particle-2d.
debug: Resolve cce:/internal/x/cc-fu/physics-2d-box2d from cce:/internal/x/cc as external dependency cce:/internal/x/cc-fu/physics-2d-box2d.
debug: Resolve cce:/internal/x/cc-fu/physics-2d-framework from cce:/internal/x/cc as external dependency cce:/internal/x/cc-fu/physics-2d-framework.
debug: Resolve cce:/internal/x/cc-fu/profiler from cce:/internal/x/cc as external dependency cce:/internal/x/cc-fu/profiler.
debug: Resolve cce:/internal/x/cc-fu/spine from cce:/internal/x/cc as external dependency cce:/internal/x/cc-fu/spine.
debug: Resolve cce:/internal/x/cc-fu/tiled-map from cce:/internal/x/cc as external dependency cce:/internal/x/cc-fu/tiled-map.
debug: Resolve cce:/internal/x/cc-fu/tween from cce:/internal/x/cc as external dependency cce:/internal/x/cc-fu/tween.
debug: Resolve cce:/internal/x/cc-fu/ui from cce:/internal/x/cc as external dependency cce:/internal/x/cc-fu/ui.
debug: Resolve cce:/internal/x/cc-fu/video from cce:/internal/x/cc as external dependency cce:/internal/x/cc-fu/video.
debug: Resolve cce:/internal/x/cc-fu/webview from cce:/internal/x/cc as external dependency cce:/internal/x/cc-fu/webview.
debug: Detected change: cce:/internal/x/prerequisite-imports. Last mtime: Wed Dec 31 1969 23:51:07 GMT-0300 (hora estándar de Argentina), Current mtime: Wed Dec 31 1969 21:00:26 GMT-0300 (hora estándar de Argentina)
debug: Inspect cce:/internal/x/prerequisite-imports
debug: Resolve file:///C:/ProgramData/cocos/editors/Creator/3.7.3/resources/resources/3d/engine/editor/assets/tools/debug-view-runtime-control.ts from cce:/internal/x/prerequisite-imports as file:///C:/ProgramData/cocos/editors/Creator/3.7.3/resources/resources/3d/engine/editor/assets/tools/debug-view-runtime-control.ts.
debug: Resolve cc from file:///C:/ProgramData/cocos/editors/Creator/3.7.3/resources/resources/3d/engine/editor/assets/tools/debug-view-runtime-control.ts as cce:/internal/x/cc.
debug: Resolve cc from file:///C:/ProgramData/cocos/editors/Creator/3.7.3/resources/resources/3d/engine/editor/assets/tools/debug-view-runtime-control.ts as cce:/internal/x/cc.
debug: Resolve cc from file:///C:/ProgramData/cocos/editors/Creator/3.7.3/resources/resources/3d/engine/editor/assets/tools/debug-view-runtime-control.ts as cce:/internal/x/cc.
debug: Resolve file:///C:/Users/jmluc/FracturableObjects/assets/Scripts/ButtonScript.ts from cce:/internal/x/prerequisite-imports as file:///C:/Users/jmluc/FracturableObjects/assets/Scripts/ButtonScript.ts.
debug: Resolve cc from file:///C:/Users/jmluc/FracturableObjects/assets/Scripts/ButtonScript.ts as cce:/internal/x/cc.
debug: Resolve cc from file:///C:/Users/jmluc/FracturableObjects/assets/Scripts/ButtonScript.ts as cce:/internal/x/cc.
debug: Resolve cc from file:///C:/Users/jmluc/FracturableObjects/assets/Scripts/ButtonScript.ts as cce:/internal/x/cc.
debug: Resolve cc from file:///C:/Users/jmluc/FracturableObjects/assets/Scripts/ButtonScript.ts as cce:/internal/x/cc.
debug: Resolve cc from file:///C:/Users/jmluc/FracturableObjects/assets/Scripts/ButtonScript.ts as cce:/internal/x/cc.
debug: Resolve cc from file:///C:/Users/jmluc/FracturableObjects/assets/Scripts/ButtonScript.ts as cce:/internal/x/cc.
debug: Resolve file:///C:/Users/jmluc/FracturableObjects/assets/Scripts/DelaunayPackage/Delaunay.ts from cce:/internal/x/prerequisite-imports as file:///C:/Users/jmluc/FracturableObjects/assets/Scripts/DelaunayPackage/Delaunay.ts.
debug: Resolve cc from file:///C:/Users/jmluc/FracturableObjects/assets/Scripts/DelaunayPackage/Delaunay.ts as cce:/internal/x/cc.
debug: Resolve cc from file:///C:/Users/jmluc/FracturableObjects/assets/Scripts/DelaunayPackage/Delaunay.ts as cce:/internal/x/cc.
debug: Resolve cc from file:///C:/Users/jmluc/FracturableObjects/assets/Scripts/DelaunayPackage/Delaunay.ts as cce:/internal/x/cc.
debug: Resolve file:///C:/Users/jmluc/FracturableObjects/assets/Scripts/DelaunayPackage/DelaunayAssembler.ts from cce:/internal/x/prerequisite-imports as file:///C:/Users/jmluc/FracturableObjects/assets/Scripts/DelaunayPackage/DelaunayAssembler.ts.
debug: Resolve cce:/internal/code-quality/cr.mjs from file:///C:/Users/jmluc/FracturableObjects/assets/Scripts/DelaunayPackage/DelaunayAssembler.ts as cce:/internal/code-quality/cr.mjs.
debug: Detected change: cce:/internal/code-quality/cr.mjs. Last mtime: Fri Oct 13 2023 23:50:35 GMT-0300 (hora estándar de Argentina), Current mtime: Sat Oct 14 2023 18:59:26 GMT-0300 (hora estándar de Argentina)
debug: Inspect cce:/internal/code-quality/cr.mjs
debug: Resolve cc from file:///C:/Users/jmluc/FracturableObjects/assets/Scripts/DelaunayPackage/DelaunayAssembler.ts as cce:/internal/x/cc.
debug: Resolve cc from file:///C:/Users/jmluc/FracturableObjects/assets/Scripts/DelaunayPackage/DelaunayAssembler.ts as cce:/internal/x/cc.
debug: Resolve cc from file:///C:/Users/jmluc/FracturableObjects/assets/Scripts/DelaunayPackage/DelaunayAssembler.ts as cce:/internal/x/cc.
debug: Resolve ./earcut from file:///C:/Users/jmluc/FracturableObjects/assets/Scripts/DelaunayPackage/DelaunayAssembler.ts as file:///C:/Users/jmluc/FracturableObjects/assets/Scripts/DelaunayPackage/earcut.ts.
debug: Resolve cc from file:///C:/Users/jmluc/FracturableObjects/assets/Scripts/DelaunayPackage/earcut.ts as cce:/internal/x/cc.
debug: Resolve file:///C:/Users/jmluc/FracturableObjects/assets/Scripts/DelaunayPackage/DelaunayAssemblerImplementer.ts from cce:/internal/x/prerequisite-imports as file:///C:/Users/jmluc/FracturableObjects/assets/Scripts/DelaunayPackage/DelaunayAssemblerImplementer.ts.
debug: Resolve cce:/internal/code-quality/cr.mjs from file:///C:/Users/jmluc/FracturableObjects/assets/Scripts/DelaunayPackage/DelaunayAssemblerImplementer.ts as cce:/internal/code-quality/cr.mjs.
debug: Resolve cc from file:///C:/Users/jmluc/FracturableObjects/assets/Scripts/DelaunayPackage/DelaunayAssemblerImplementer.ts as cce:/internal/x/cc.
debug: Resolve cc from file:///C:/Users/jmluc/FracturableObjects/assets/Scripts/DelaunayPackage/DelaunayAssemblerImplementer.ts as cce:/internal/x/cc.
debug: Resolve cc from file:///C:/Users/jmluc/FracturableObjects/assets/Scripts/DelaunayPackage/DelaunayAssemblerImplementer.ts as cce:/internal/x/cc.
debug: Resolve ./DelaunayAssembler from file:///C:/Users/jmluc/FracturableObjects/assets/Scripts/DelaunayPackage/DelaunayAssemblerImplementer.ts as file:///C:/Users/jmluc/FracturableObjects/assets/Scripts/DelaunayPackage/DelaunayAssembler.ts.
debug: Resolve file:///C:/Users/jmluc/FracturableObjects/assets/Scripts/DelaunayPackage/DelaunayFracturable.ts from cce:/internal/x/prerequisite-imports as file:///C:/Users/jmluc/FracturableObjects/assets/Scripts/DelaunayPackage/DelaunayFracturable.ts.
debug: Resolve cc from file:///C:/Users/jmluc/FracturableObjects/assets/Scripts/DelaunayPackage/DelaunayFracturable.ts as cce:/internal/x/cc.
debug: Resolve cc from file:///C:/Users/jmluc/FracturableObjects/assets/Scripts/DelaunayPackage/DelaunayFracturable.ts as cce:/internal/x/cc.
debug: Resolve cc from file:///C:/Users/jmluc/FracturableObjects/assets/Scripts/DelaunayPackage/DelaunayFracturable.ts as cce:/internal/x/cc.
debug: Resolve file:///C:/Users/jmluc/FracturableObjects/assets/Scripts/DelaunayPackage/DelaunayFractureClass.ts from cce:/internal/x/prerequisite-imports as file:///C:/Users/jmluc/FracturableObjects/assets/Scripts/DelaunayPackage/DelaunayFractureClass.ts.
debug: Resolve cce:/internal/code-quality/cr.mjs from file:///C:/Users/jmluc/FracturableObjects/assets/Scripts/DelaunayPackage/DelaunayFractureClass.ts as cce:/internal/code-quality/cr.mjs.
debug: Resolve cc from file:///C:/Users/jmluc/FracturableObjects/assets/Scripts/DelaunayPackage/DelaunayFractureClass.ts as cce:/internal/x/cc.
debug: Resolve cc from file:///C:/Users/jmluc/FracturableObjects/assets/Scripts/DelaunayPackage/DelaunayFractureClass.ts as cce:/internal/x/cc.
debug: Resolve cc from file:///C:/Users/jmluc/FracturableObjects/assets/Scripts/DelaunayPackage/DelaunayFractureClass.ts as cce:/internal/x/cc.
debug: Resolve file:///C:/Users/jmluc/FracturableObjects/assets/Scripts/DelaunayPackage/DelaunaySplitter.ts from cce:/internal/x/prerequisite-imports as file:///C:/Users/jmluc/FracturableObjects/assets/Scripts/DelaunayPackage/DelaunaySplitter.ts.
debug: Resolve cce:/internal/code-quality/cr.mjs from file:///C:/Users/jmluc/FracturableObjects/assets/Scripts/DelaunayPackage/DelaunaySplitter.ts as cce:/internal/code-quality/cr.mjs.
debug: Resolve cc from file:///C:/Users/jmluc/FracturableObjects/assets/Scripts/DelaunayPackage/DelaunaySplitter.ts as cce:/internal/x/cc.
debug: Resolve cc from file:///C:/Users/jmluc/FracturableObjects/assets/Scripts/DelaunayPackage/DelaunaySplitter.ts as cce:/internal/x/cc.
debug: Resolve cc from file:///C:/Users/jmluc/FracturableObjects/assets/Scripts/DelaunayPackage/DelaunaySplitter.ts as cce:/internal/x/cc.
debug: Resolve ./Delaunay from file:///C:/Users/jmluc/FracturableObjects/assets/Scripts/DelaunayPackage/DelaunaySplitter.ts as file:///C:/Users/jmluc/FracturableObjects/assets/Scripts/DelaunayPackage/Delaunay.ts.
debug: Resolve file:///C:/Users/jmluc/FracturableObjects/assets/Scripts/DelaunayPackage/FractDelaunay.ts from cce:/internal/x/prerequisite-imports as file:///C:/Users/jmluc/FracturableObjects/assets/Scripts/DelaunayPackage/FractDelaunay.ts.
debug: Resolve cce:/internal/code-quality/cr.mjs from file:///C:/Users/jmluc/FracturableObjects/assets/Scripts/DelaunayPackage/FractDelaunay.ts as cce:/internal/code-quality/cr.mjs.
debug: Resolve cc from file:///C:/Users/jmluc/FracturableObjects/assets/Scripts/DelaunayPackage/FractDelaunay.ts as cce:/internal/x/cc.
debug: Resolve cc from file:///C:/Users/jmluc/FracturableObjects/assets/Scripts/DelaunayPackage/FractDelaunay.ts as cce:/internal/x/cc.
debug: Resolve cc from file:///C:/Users/jmluc/FracturableObjects/assets/Scripts/DelaunayPackage/FractDelaunay.ts as cce:/internal/x/cc.
debug: Resolve ./DelaunayAssemblerImplementer from file:///C:/Users/jmluc/FracturableObjects/assets/Scripts/DelaunayPackage/FractDelaunay.ts as file:///C:/Users/jmluc/FracturableObjects/assets/Scripts/DelaunayPackage/DelaunayAssemblerImplementer.ts.
debug: Resolve ./DelaunaySplitter from file:///C:/Users/jmluc/FracturableObjects/assets/Scripts/DelaunayPackage/FractDelaunay.ts as file:///C:/Users/jmluc/FracturableObjects/assets/Scripts/DelaunayPackage/DelaunaySplitter.ts.
debug: Resolve ./StaticFractureManager from file:///C:/Users/jmluc/FracturableObjects/assets/Scripts/DelaunayPackage/FractDelaunay.ts as file:///C:/Users/jmluc/FracturableObjects/assets/Scripts/DelaunayPackage/StaticFractureManager.ts.
debug: Resolve cce:/internal/code-quality/cr.mjs from file:///C:/Users/jmluc/FracturableObjects/assets/Scripts/DelaunayPackage/StaticFractureManager.ts as cce:/internal/code-quality/cr.mjs.
debug: Resolve cc from file:///C:/Users/jmluc/FracturableObjects/assets/Scripts/DelaunayPackage/StaticFractureManager.ts as cce:/internal/x/cc.
debug: Resolve cc from file:///C:/Users/jmluc/FracturableObjects/assets/Scripts/DelaunayPackage/StaticFractureManager.ts as cce:/internal/x/cc.
debug: Resolve cc from file:///C:/Users/jmluc/FracturableObjects/assets/Scripts/DelaunayPackage/StaticFractureManager.ts as cce:/internal/x/cc.
debug: Resolve ./FractDelaunay from file:///C:/Users/jmluc/FracturableObjects/assets/Scripts/DelaunayPackage/StaticFractureManager.ts as file:///C:/Users/jmluc/FracturableObjects/assets/Scripts/DelaunayPackage/FractDelaunay.ts.
debug: Resolve ./DelaunaySplitter from file:///C:/Users/jmluc/FracturableObjects/assets/Scripts/DelaunayPackage/StaticFractureManager.ts as file:///C:/Users/jmluc/FracturableObjects/assets/Scripts/DelaunayPackage/DelaunaySplitter.ts.
debug: Resolve ./DelaunayAssemblerImplementer from file:///C:/Users/jmluc/FracturableObjects/assets/Scripts/DelaunayPackage/StaticFractureManager.ts as file:///C:/Users/jmluc/FracturableObjects/assets/Scripts/DelaunayPackage/DelaunayAssemblerImplementer.ts.
debug: Resolve ./earcut from file:///C:/Users/jmluc/FracturableObjects/assets/Scripts/DelaunayPackage/StaticFractureManager.ts as file:///C:/Users/jmluc/FracturableObjects/assets/Scripts/DelaunayPackage/earcut.ts.
debug: Resolve file:///C:/Users/jmluc/FracturableObjects/assets/Scripts/DelaunayPackage/StaticFractureManager.ts from cce:/internal/x/prerequisite-imports as file:///C:/Users/jmluc/FracturableObjects/assets/Scripts/DelaunayPackage/StaticFractureManager.ts.
debug: Resolve file:///C:/Users/jmluc/FracturableObjects/assets/Scripts/DelaunayPackage/StocasticsScatter/Tests/StocasticsUTest.ts from cce:/internal/x/prerequisite-imports as file:///C:/Users/jmluc/FracturableObjects/assets/Scripts/DelaunayPackage/StocasticsScatter/Tests/StocasticsUTest.ts.
debug: Resolve cce:/internal/code-quality/cr.mjs from file:///C:/Users/jmluc/FracturableObjects/assets/Scripts/DelaunayPackage/StocasticsScatter/Tests/StocasticsUTest.ts as cce:/internal/code-quality/cr.mjs.
debug: Resolve cc from file:///C:/Users/jmluc/FracturableObjects/assets/Scripts/DelaunayPackage/StocasticsScatter/Tests/StocasticsUTest.ts as cce:/internal/x/cc.
debug: Resolve cc from file:///C:/Users/jmluc/FracturableObjects/assets/Scripts/DelaunayPackage/StocasticsScatter/Tests/StocasticsUTest.ts as cce:/internal/x/cc.
debug: Resolve cc from file:///C:/Users/jmluc/FracturableObjects/assets/Scripts/DelaunayPackage/StocasticsScatter/Tests/StocasticsUTest.ts as cce:/internal/x/cc.
debug: Resolve ../../../UTest from file:///C:/Users/jmluc/FracturableObjects/assets/Scripts/DelaunayPackage/StocasticsScatter/Tests/StocasticsUTest.ts as file:///C:/Users/jmluc/FracturableObjects/assets/Scripts/UTest.ts.
debug: Resolve cc from file:///C:/Users/jmluc/FracturableObjects/assets/Scripts/UTest.ts as cce:/internal/x/cc.
debug: Resolve cc from file:///C:/Users/jmluc/FracturableObjects/assets/Scripts/UTest.ts as cce:/internal/x/cc.
debug: Resolve cc from file:///C:/Users/jmluc/FracturableObjects/assets/Scripts/UTest.ts as cce:/internal/x/cc.
debug: Resolve file:///C:/Users/jmluc/FracturableObjects/assets/Scripts/DelaunayPackage/UnitTest.ts from cce:/internal/x/prerequisite-imports as file:///C:/Users/jmluc/FracturableObjects/assets/Scripts/DelaunayPackage/UnitTest.ts.
debug: Resolve cce:/internal/code-quality/cr.mjs from file:///C:/Users/jmluc/FracturableObjects/assets/Scripts/DelaunayPackage/UnitTest.ts as cce:/internal/code-quality/cr.mjs.
debug: Resolve cc from file:///C:/Users/jmluc/FracturableObjects/assets/Scripts/DelaunayPackage/UnitTest.ts as cce:/internal/x/cc.
debug: Resolve cc from file:///C:/Users/jmluc/FracturableObjects/assets/Scripts/DelaunayPackage/UnitTest.ts as cce:/internal/x/cc.
debug: Resolve cc from file:///C:/Users/jmluc/FracturableObjects/assets/Scripts/DelaunayPackage/UnitTest.ts as cce:/internal/x/cc.
debug: Resolve ../LinkNodeClass from file:///C:/Users/jmluc/FracturableObjects/assets/Scripts/DelaunayPackage/UnitTest.ts as file:///C:/Users/jmluc/FracturableObjects/assets/Scripts/LinkNodeClass.ts.
debug: Resolve cc from file:///C:/Users/jmluc/FracturableObjects/assets/Scripts/LinkNodeClass.ts as cce:/internal/x/cc.
debug: Resolve cc from file:///C:/Users/jmluc/FracturableObjects/assets/Scripts/LinkNodeClass.ts as cce:/internal/x/cc.
debug: Resolve cc from file:///C:/Users/jmluc/FracturableObjects/assets/Scripts/LinkNodeClass.ts as cce:/internal/x/cc.
debug: Resolve ./DelaunaySplitter from file:///C:/Users/jmluc/FracturableObjects/assets/Scripts/DelaunayPackage/UnitTest.ts as file:///C:/Users/jmluc/FracturableObjects/assets/Scripts/DelaunayPackage/DelaunaySplitter.ts.
debug: Resolve ./earcut from file:///C:/Users/jmluc/FracturableObjects/assets/Scripts/DelaunayPackage/UnitTest.ts as file:///C:/Users/jmluc/FracturableObjects/assets/Scripts/DelaunayPackage/earcut.ts.
debug: Resolve file:///C:/Users/jmluc/FracturableObjects/assets/Scripts/DelaunayPackage/WholeDelaunay.ts from cce:/internal/x/prerequisite-imports as file:///C:/Users/jmluc/FracturableObjects/assets/Scripts/DelaunayPackage/WholeDelaunay.ts.
debug: Resolve cce:/internal/code-quality/cr.mjs from file:///C:/Users/jmluc/FracturableObjects/assets/Scripts/DelaunayPackage/WholeDelaunay.ts as cce:/internal/code-quality/cr.mjs.
debug: Resolve cc from file:///C:/Users/jmluc/FracturableObjects/assets/Scripts/DelaunayPackage/WholeDelaunay.ts as cce:/internal/x/cc.
debug: Resolve cc from file:///C:/Users/jmluc/FracturableObjects/assets/Scripts/DelaunayPackage/WholeDelaunay.ts as cce:/internal/x/cc.
debug: Resolve cc from file:///C:/Users/jmluc/FracturableObjects/assets/Scripts/DelaunayPackage/WholeDelaunay.ts as cce:/internal/x/cc.
debug: Resolve ./DelaunaySplitter from file:///C:/Users/jmluc/FracturableObjects/assets/Scripts/DelaunayPackage/WholeDelaunay.ts as file:///C:/Users/jmluc/FracturableObjects/assets/Scripts/DelaunayPackage/DelaunaySplitter.ts.
debug: Resolve file:///C:/Users/jmluc/FracturableObjects/assets/Scripts/DelaunayPackage/earcut.ts from cce:/internal/x/prerequisite-imports as file:///C:/Users/jmluc/FracturableObjects/assets/Scripts/DelaunayPackage/earcut.ts.
debug: Resolve file:///C:/Users/jmluc/FracturableObjects/assets/Scripts/DraggableStomper.ts from cce:/internal/x/prerequisite-imports as file:///C:/Users/jmluc/FracturableObjects/assets/Scripts/DraggableStomper.ts.
debug: Resolve cc from file:///C:/Users/jmluc/FracturableObjects/assets/Scripts/DraggableStomper.ts as cce:/internal/x/cc.
debug: Resolve cc from file:///C:/Users/jmluc/FracturableObjects/assets/Scripts/DraggableStomper.ts as cce:/internal/x/cc.
debug: Resolve cc from file:///C:/Users/jmluc/FracturableObjects/assets/Scripts/DraggableStomper.ts as cce:/internal/x/cc.
debug: Resolve file:///C:/Users/jmluc/FracturableObjects/assets/Scripts/LinkNodeClass.ts from cce:/internal/x/prerequisite-imports as file:///C:/Users/jmluc/FracturableObjects/assets/Scripts/LinkNodeClass.ts.
debug: Resolve file:///C:/Users/jmluc/FracturableObjects/assets/Scripts/PlainVertexClass.ts from cce:/internal/x/prerequisite-imports as file:///C:/Users/jmluc/FracturableObjects/assets/Scripts/PlainVertexClass.ts.
debug: Resolve cce:/internal/code-quality/cr.mjs from file:///C:/Users/jmluc/FracturableObjects/assets/Scripts/PlainVertexClass.ts as cce:/internal/code-quality/cr.mjs.
debug: Resolve cc from file:///C:/Users/jmluc/FracturableObjects/assets/Scripts/PlainVertexClass.ts as cce:/internal/x/cc.
debug: Resolve cc from file:///C:/Users/jmluc/FracturableObjects/assets/Scripts/PlainVertexClass.ts as cce:/internal/x/cc.
debug: Resolve cc from file:///C:/Users/jmluc/FracturableObjects/assets/Scripts/PlainVertexClass.ts as cce:/internal/x/cc.
debug: Resolve file:///C:/Users/jmluc/FracturableObjects/assets/Scripts/ScrollContentSizer.ts from cce:/internal/x/prerequisite-imports as file:///C:/Users/jmluc/FracturableObjects/assets/Scripts/ScrollContentSizer.ts.
debug: Resolve cc from file:///C:/Users/jmluc/FracturableObjects/assets/Scripts/ScrollContentSizer.ts as cce:/internal/x/cc.
debug: Resolve cc from file:///C:/Users/jmluc/FracturableObjects/assets/Scripts/ScrollContentSizer.ts as cce:/internal/x/cc.
debug: Resolve cc from file:///C:/Users/jmluc/FracturableObjects/assets/Scripts/ScrollContentSizer.ts as cce:/internal/x/cc.
debug: Resolve file:///C:/Users/jmluc/FracturableObjects/assets/Scripts/Tesselation/Tessellation.ts from cce:/internal/x/prerequisite-imports as file:///C:/Users/jmluc/FracturableObjects/assets/Scripts/Tesselation/Tessellation.ts.
debug: Resolve cce:/internal/code-quality/cr.mjs from file:///C:/Users/jmluc/FracturableObjects/assets/Scripts/Tesselation/Tessellation.ts as cce:/internal/code-quality/cr.mjs.
debug: Resolve cc from file:///C:/Users/jmluc/FracturableObjects/assets/Scripts/Tesselation/Tessellation.ts as cce:/internal/x/cc.
debug: Resolve cc from file:///C:/Users/jmluc/FracturableObjects/assets/Scripts/Tesselation/Tessellation.ts as cce:/internal/x/cc.
debug: Resolve cc from file:///C:/Users/jmluc/FracturableObjects/assets/Scripts/Tesselation/Tessellation.ts as cce:/internal/x/cc.
debug: Resolve ../DelaunayPackage/earcut from file:///C:/Users/jmluc/FracturableObjects/assets/Scripts/Tesselation/Tessellation.ts as file:///C:/Users/jmluc/FracturableObjects/assets/Scripts/DelaunayPackage/earcut.ts.
debug: Resolve file:///C:/Users/jmluc/FracturableObjects/assets/Scripts/Tesselation/Tests/TessellationTest.ts from cce:/internal/x/prerequisite-imports as file:///C:/Users/jmluc/FracturableObjects/assets/Scripts/Tesselation/Tests/TessellationTest.ts.
debug: Resolve cce:/internal/code-quality/cr.mjs from file:///C:/Users/jmluc/FracturableObjects/assets/Scripts/Tesselation/Tests/TessellationTest.ts as cce:/internal/code-quality/cr.mjs.
debug: Resolve cc from file:///C:/Users/jmluc/FracturableObjects/assets/Scripts/Tesselation/Tests/TessellationTest.ts as cce:/internal/x/cc.
debug: Resolve cc from file:///C:/Users/jmluc/FracturableObjects/assets/Scripts/Tesselation/Tests/TessellationTest.ts as cce:/internal/x/cc.
debug: Resolve cc from file:///C:/Users/jmluc/FracturableObjects/assets/Scripts/Tesselation/Tests/TessellationTest.ts as cce:/internal/x/cc.
debug: Resolve ../../Tesselation/Tessellation from file:///C:/Users/jmluc/FracturableObjects/assets/Scripts/Tesselation/Tests/TessellationTest.ts as file:///C:/Users/jmluc/FracturableObjects/assets/Scripts/Tesselation/Tessellation.ts.
debug: Resolve ../../DelaunayPackage/earcut from file:///C:/Users/jmluc/FracturableObjects/assets/Scripts/Tesselation/Tests/TessellationTest.ts as file:///C:/Users/jmluc/FracturableObjects/assets/Scripts/DelaunayPackage/earcut.ts.
debug: Resolve ../../UTest from file:///C:/Users/jmluc/FracturableObjects/assets/Scripts/Tesselation/Tests/TessellationTest.ts as file:///C:/Users/jmluc/FracturableObjects/assets/Scripts/UTest.ts.
debug: Resolve file:///C:/Users/jmluc/FracturableObjects/assets/Scripts/TestClasses.ts from cce:/internal/x/prerequisite-imports as file:///C:/Users/jmluc/FracturableObjects/assets/Scripts/TestClasses.ts.
debug: Resolve cc from file:///C:/Users/jmluc/FracturableObjects/assets/Scripts/TestClasses.ts as cce:/internal/x/cc.
debug: Resolve cc from file:///C:/Users/jmluc/FracturableObjects/assets/Scripts/TestClasses.ts as cce:/internal/x/cc.
debug: Resolve cc from file:///C:/Users/jmluc/FracturableObjects/assets/Scripts/TestClasses.ts as cce:/internal/x/cc.
debug: Resolve file:///C:/Users/jmluc/FracturableObjects/assets/Scripts/TestLoader.ts from cce:/internal/x/prerequisite-imports as file:///C:/Users/jmluc/FracturableObjects/assets/Scripts/TestLoader.ts.
debug: Resolve cce:/internal/code-quality/cr.mjs from file:///C:/Users/jmluc/FracturableObjects/assets/Scripts/TestLoader.ts as cce:/internal/code-quality/cr.mjs.
debug: Resolve cc from file:///C:/Users/jmluc/FracturableObjects/assets/Scripts/TestLoader.ts as cce:/internal/x/cc.
debug: Resolve cc from file:///C:/Users/jmluc/FracturableObjects/assets/Scripts/TestLoader.ts as cce:/internal/x/cc.
debug: Resolve cc from file:///C:/Users/jmluc/FracturableObjects/assets/Scripts/TestLoader.ts as cce:/internal/x/cc.
debug: Resolve ./Tesselation/Tests/TessellationTest from file:///C:/Users/jmluc/FracturableObjects/assets/Scripts/TestLoader.ts as file:///C:/Users/jmluc/FracturableObjects/assets/Scripts/Tesselation/Tests/TessellationTest.ts.
debug: Resolve ./DelaunayPackage/StocasticsScatter/Tests/StocasticsUTest from file:///C:/Users/jmluc/FracturableObjects/assets/Scripts/TestLoader.ts as file:///C:/Users/jmluc/FracturableObjects/assets/Scripts/DelaunayPackage/StocasticsScatter/Tests/StocasticsUTest.ts.
debug: Resolve ./UTest from file:///C:/Users/jmluc/FracturableObjects/assets/Scripts/TestLoader.ts as file:///C:/Users/jmluc/FracturableObjects/assets/Scripts/UTest.ts.
debug: Resolve file:///C:/Users/jmluc/FracturableObjects/assets/Scripts/UTest.ts from cce:/internal/x/prerequisite-imports as file:///C:/Users/jmluc/FracturableObjects/assets/Scripts/UTest.ts.
debug: Resolve file:///C:/Users/jmluc/FracturableObjects/assets/Scripts/UnitTest.ts from cce:/internal/x/prerequisite-imports as file:///C:/Users/jmluc/FracturableObjects/assets/Scripts/UnitTest.ts.
debug: Resolve cc from file:///C:/Users/jmluc/FracturableObjects/assets/Scripts/UnitTest.ts as cce:/internal/x/cc.
debug: Resolve cc from file:///C:/Users/jmluc/FracturableObjects/assets/Scripts/UnitTest.ts as cce:/internal/x/cc.
debug: Resolve cc from file:///C:/Users/jmluc/FracturableObjects/assets/Scripts/UnitTest.ts as cce:/internal/x/cc.
debug: Resolve file:///C:/Users/jmluc/FracturableObjects/assets/Scripts/Voronoi.ts from cce:/internal/x/prerequisite-imports as file:///C:/Users/jmluc/FracturableObjects/assets/Scripts/Voronoi.ts.
debug: Resolve cc from file:///C:/Users/jmluc/FracturableObjects/assets/Scripts/Voronoi.ts as cce:/internal/x/cc.
debug: Resolve cc from file:///C:/Users/jmluc/FracturableObjects/assets/Scripts/Voronoi.ts as cce:/internal/x/cc.
debug: Resolve cc from file:///C:/Users/jmluc/FracturableObjects/assets/Scripts/Voronoi.ts as cce:/internal/x/cc.
debug: Resolve file:///C:/Users/jmluc/FracturableObjects/assets/Utest.utest.ts from cce:/internal/x/prerequisite-imports as file:///C:/Users/jmluc/FracturableObjects/assets/Utest.utest.ts.
debug: Resolve cc from file:///C:/Users/jmluc/FracturableObjects/assets/Utest.utest.ts as cce:/internal/x/cc.
debug: Resolve cc from file:///C:/Users/jmluc/FracturableObjects/assets/Utest.utest.ts as cce:/internal/x/cc.
debug: Resolve cc from file:///C:/Users/jmluc/FracturableObjects/assets/Utest.utest.ts as cce:/internal/x/cc.
debug: Target(preview) ends with cost 325.6856000125408ms.
debug: Pulling asset-db.
debug: Fetch asset-db cost: 11281.03749999404ms.
debug: Build iteration starts.
Number of accumulated asset changes: 26
Feature changed: false
debug: Target(editor) build started.
debug: Detected change: cce:/internal/x/prerequisite-imports. Last mtime: Wed Dec 31 1969 21:00:26 GMT-0300 (hora estándar de Argentina), Current mtime: Wed Dec 31 1969 21:01:02 GMT-0300 (hora estándar de Argentina)
debug: Inspect cce:/internal/x/prerequisite-imports
debug: Resolve file:///C:/ProgramData/cocos/editors/Creator/3.7.3/resources/resources/3d/engine/editor/assets/tools/debug-view-runtime-control.ts from cce:/internal/x/prerequisite-imports as file:///C:/ProgramData/cocos/editors/Creator/3.7.3/resources/resources/3d/engine/editor/assets/tools/debug-view-runtime-control.ts.
debug: Resolve file:///C:/Users/jmluc/FracturableObjects/assets/Scripts/ButtonScript.ts from cce:/internal/x/prerequisite-imports as file:///C:/Users/jmluc/FracturableObjects/assets/Scripts/ButtonScript.ts.
debug: Resolve file:///C:/Users/jmluc/FracturableObjects/assets/Scripts/DelaunayPackage/Delaunay.ts from cce:/internal/x/prerequisite-imports as file:///C:/Users/jmluc/FracturableObjects/assets/Scripts/DelaunayPackage/Delaunay.ts.
debug: Resolve file:///C:/Users/jmluc/FracturableObjects/assets/Scripts/DelaunayPackage/DelaunayAssembler.ts from cce:/internal/x/prerequisite-imports as file:///C:/Users/jmluc/FracturableObjects/assets/Scripts/DelaunayPackage/DelaunayAssembler.ts.
debug: Resolve file:///C:/Users/jmluc/FracturableObjects/assets/Scripts/DelaunayPackage/DelaunayAssemblerImplementer.ts from cce:/internal/x/prerequisite-imports as file:///C:/Users/jmluc/FracturableObjects/assets/Scripts/DelaunayPackage/DelaunayAssemblerImplementer.ts.
debug: Resolve file:///C:/Users/jmluc/FracturableObjects/assets/Scripts/DelaunayPackage/DelaunayFracturable.ts from cce:/internal/x/prerequisite-imports as file:///C:/Users/jmluc/FracturableObjects/assets/Scripts/DelaunayPackage/DelaunayFracturable.ts.
debug: Resolve file:///C:/Users/jmluc/FracturableObjects/assets/Scripts/DelaunayPackage/DelaunayFractureClass.ts from cce:/internal/x/prerequisite-imports as file:///C:/Users/jmluc/FracturableObjects/assets/Scripts/DelaunayPackage/DelaunayFractureClass.ts.
debug: Resolve file:///C:/Users/jmluc/FracturableObjects/assets/Scripts/DelaunayPackage/DelaunaySplitter.ts from cce:/internal/x/prerequisite-imports as file:///C:/Users/jmluc/FracturableObjects/assets/Scripts/DelaunayPackage/DelaunaySplitter.ts.
debug: Resolve file:///C:/Users/jmluc/FracturableObjects/assets/Scripts/DelaunayPackage/FractDelaunay.ts from cce:/internal/x/prerequisite-imports as file:///C:/Users/jmluc/FracturableObjects/assets/Scripts/DelaunayPackage/FractDelaunay.ts.
debug: Resolve file:///C:/Users/jmluc/FracturableObjects/assets/Scripts/DelaunayPackage/StaticFractureManager.ts from cce:/internal/x/prerequisite-imports as file:///C:/Users/jmluc/FracturableObjects/assets/Scripts/DelaunayPackage/StaticFractureManager.ts.
debug: Resolve file:///C:/Users/jmluc/FracturableObjects/assets/Scripts/DelaunayPackage/StocasticsScatter/Tests/StocasticsUTest.ts from cce:/internal/x/prerequisite-imports as file:///C:/Users/jmluc/FracturableObjects/assets/Scripts/DelaunayPackage/StocasticsScatter/Tests/StocasticsUTest.ts.
debug: Resolve file:///C:/Users/jmluc/FracturableObjects/assets/Scripts/DelaunayPackage/UnitTest.ts from cce:/internal/x/prerequisite-imports as file:///C:/Users/jmluc/FracturableObjects/assets/Scripts/DelaunayPackage/UnitTest.ts.
debug: Resolve file:///C:/Users/jmluc/FracturableObjects/assets/Scripts/DelaunayPackage/WholeDelaunay.ts from cce:/internal/x/prerequisite-imports as file:///C:/Users/jmluc/FracturableObjects/assets/Scripts/DelaunayPackage/WholeDelaunay.ts.
debug: Resolve file:///C:/Users/jmluc/FracturableObjects/assets/Scripts/DelaunayPackage/earcut.ts from cce:/internal/x/prerequisite-imports as file:///C:/Users/jmluc/FracturableObjects/assets/Scripts/DelaunayPackage/earcut.ts.
debug: Resolve file:///C:/Users/jmluc/FracturableObjects/assets/Scripts/DraggableStomper.ts from cce:/internal/x/prerequisite-imports as file:///C:/Users/jmluc/FracturableObjects/assets/Scripts/DraggableStomper.ts.
debug: Resolve file:///C:/Users/jmluc/FracturableObjects/assets/Scripts/LinkNodeClass.ts from cce:/internal/x/prerequisite-imports as file:///C:/Users/jmluc/FracturableObjects/assets/Scripts/LinkNodeClass.ts.
debug: Resolve file:///C:/Users/jmluc/FracturableObjects/assets/Scripts/PlainVertexClass.ts from cce:/internal/x/prerequisite-imports as file:///C:/Users/jmluc/FracturableObjects/assets/Scripts/PlainVertexClass.ts.
debug: Resolve file:///C:/Users/jmluc/FracturableObjects/assets/Scripts/ScrollContentSizer.ts from cce:/internal/x/prerequisite-imports as file:///C:/Users/jmluc/FracturableObjects/assets/Scripts/ScrollContentSizer.ts.
debug: Resolve file:///C:/Users/jmluc/FracturableObjects/assets/Scripts/Tesselation/Tessellation.ts from cce:/internal/x/prerequisite-imports as file:///C:/Users/jmluc/FracturableObjects/assets/Scripts/Tesselation/Tessellation.ts.
debug: Resolve file:///C:/Users/jmluc/FracturableObjects/assets/Scripts/Tesselation/Tests/TessellationTest.ts from cce:/internal/x/prerequisite-imports as file:///C:/Users/jmluc/FracturableObjects/assets/Scripts/Tesselation/Tests/TessellationTest.ts.
debug: Resolve file:///C:/Users/jmluc/FracturableObjects/assets/Scripts/TestClasses.ts from cce:/internal/x/prerequisite-imports as file:///C:/Users/jmluc/FracturableObjects/assets/Scripts/TestClasses.ts.
debug: Resolve file:///C:/Users/jmluc/FracturableObjects/assets/Scripts/TestLoader.ts from cce:/internal/x/prerequisite-imports as file:///C:/Users/jmluc/FracturableObjects/assets/Scripts/TestLoader.ts.
debug: Resolve file:///C:/Users/jmluc/FracturableObjects/assets/Scripts/UTest.ts from cce:/internal/x/prerequisite-imports as file:///C:/Users/jmluc/FracturableObjects/assets/Scripts/UTest.ts.
debug: Resolve file:///C:/Users/jmluc/FracturableObjects/assets/Scripts/UnitTest.ts from cce:/internal/x/prerequisite-imports as file:///C:/Users/jmluc/FracturableObjects/assets/Scripts/UnitTest.ts.
debug: Resolve file:///C:/Users/jmluc/FracturableObjects/assets/Scripts/Voronoi.ts from cce:/internal/x/prerequisite-imports as file:///C:/Users/jmluc/FracturableObjects/assets/Scripts/Voronoi.ts.
debug: Resolve file:///C:/Users/jmluc/FracturableObjects/assets/Utest.utest.ts from cce:/internal/x/prerequisite-imports as file:///C:/Users/jmluc/FracturableObjects/assets/Utest.utest.ts.
debug: Target(editor) ends with cost 144.0789999961853ms.
debug: Target(preview) build started.
debug: Detected change: cce:/internal/x/prerequisite-imports. Last mtime: Wed Dec 31 1969 21:00:26 GMT-0300 (hora estándar de Argentina), Current mtime: Wed Dec 31 1969 21:01:02 GMT-0300 (hora estándar de Argentina)
debug: Inspect cce:/internal/x/prerequisite-imports
debug: Resolve file:///C:/ProgramData/cocos/editors/Creator/3.7.3/resources/resources/3d/engine/editor/assets/tools/debug-view-runtime-control.ts from cce:/internal/x/prerequisite-imports as file:///C:/ProgramData/cocos/editors/Creator/3.7.3/resources/resources/3d/engine/editor/assets/tools/debug-view-runtime-control.ts.
debug: Resolve file:///C:/Users/jmluc/FracturableObjects/assets/Scripts/ButtonScript.ts from cce:/internal/x/prerequisite-imports as file:///C:/Users/jmluc/FracturableObjects/assets/Scripts/ButtonScript.ts.
debug: Resolve file:///C:/Users/jmluc/FracturableObjects/assets/Scripts/DelaunayPackage/Delaunay.ts from cce:/internal/x/prerequisite-imports as file:///C:/Users/jmluc/FracturableObjects/assets/Scripts/DelaunayPackage/Delaunay.ts.
debug: Resolve file:///C:/Users/jmluc/FracturableObjects/assets/Scripts/DelaunayPackage/DelaunayAssembler.ts from cce:/internal/x/prerequisite-imports as file:///C:/Users/jmluc/FracturableObjects/assets/Scripts/DelaunayPackage/DelaunayAssembler.ts.
debug: Resolve file:///C:/Users/jmluc/FracturableObjects/assets/Scripts/DelaunayPackage/DelaunayAssemblerImplementer.ts from cce:/internal/x/prerequisite-imports as file:///C:/Users/jmluc/FracturableObjects/assets/Scripts/DelaunayPackage/DelaunayAssemblerImplementer.ts.
debug: Resolve file:///C:/Users/jmluc/FracturableObjects/assets/Scripts/DelaunayPackage/DelaunayFracturable.ts from cce:/internal/x/prerequisite-imports as file:///C:/Users/jmluc/FracturableObjects/assets/Scripts/DelaunayPackage/DelaunayFracturable.ts.
debug: Resolve file:///C:/Users/jmluc/FracturableObjects/assets/Scripts/DelaunayPackage/DelaunayFractureClass.ts from cce:/internal/x/prerequisite-imports as file:///C:/Users/jmluc/FracturableObjects/assets/Scripts/DelaunayPackage/DelaunayFractureClass.ts.
debug: Resolve file:///C:/Users/jmluc/FracturableObjects/assets/Scripts/DelaunayPackage/DelaunaySplitter.ts from cce:/internal/x/prerequisite-imports as file:///C:/Users/jmluc/FracturableObjects/assets/Scripts/DelaunayPackage/DelaunaySplitter.ts.
debug: Resolve file:///C:/Users/jmluc/FracturableObjects/assets/Scripts/DelaunayPackage/FractDelaunay.ts from cce:/internal/x/prerequisite-imports as file:///C:/Users/jmluc/FracturableObjects/assets/Scripts/DelaunayPackage/FractDelaunay.ts.
debug: Resolve file:///C:/Users/jmluc/FracturableObjects/assets/Scripts/DelaunayPackage/StaticFractureManager.ts from cce:/internal/x/prerequisite-imports as file:///C:/Users/jmluc/FracturableObjects/assets/Scripts/DelaunayPackage/StaticFractureManager.ts.
debug: Resolve file:///C:/Users/jmluc/FracturableObjects/assets/Scripts/DelaunayPackage/StocasticsScatter/Tests/StocasticsUTest.ts from cce:/internal/x/prerequisite-imports as file:///C:/Users/jmluc/FracturableObjects/assets/Scripts/DelaunayPackage/StocasticsScatter/Tests/StocasticsUTest.ts.
debug: Resolve file:///C:/Users/jmluc/FracturableObjects/assets/Scripts/DelaunayPackage/UnitTest.ts from cce:/internal/x/prerequisite-imports as file:///C:/Users/jmluc/FracturableObjects/assets/Scripts/DelaunayPackage/UnitTest.ts.
debug: Resolve file:///C:/Users/jmluc/FracturableObjects/assets/Scripts/DelaunayPackage/WholeDelaunay.ts from cce:/internal/x/prerequisite-imports as file:///C:/Users/jmluc/FracturableObjects/assets/Scripts/DelaunayPackage/WholeDelaunay.ts.
debug: Resolve file:///C:/Users/jmluc/FracturableObjects/assets/Scripts/DelaunayPackage/earcut.ts from cce:/internal/x/prerequisite-imports as file:///C:/Users/jmluc/FracturableObjects/assets/Scripts/DelaunayPackage/earcut.ts.
debug: Resolve file:///C:/Users/jmluc/FracturableObjects/assets/Scripts/DraggableStomper.ts from cce:/internal/x/prerequisite-imports as file:///C:/Users/jmluc/FracturableObjects/assets/Scripts/DraggableStomper.ts.
debug: Resolve file:///C:/Users/jmluc/FracturableObjects/assets/Scripts/LinkNodeClass.ts from cce:/internal/x/prerequisite-imports as file:///C:/Users/jmluc/FracturableObjects/assets/Scripts/LinkNodeClass.ts.
debug: Resolve file:///C:/Users/jmluc/FracturableObjects/assets/Scripts/PlainVertexClass.ts from cce:/internal/x/prerequisite-imports as file:///C:/Users/jmluc/FracturableObjects/assets/Scripts/PlainVertexClass.ts.
debug: Resolve file:///C:/Users/jmluc/FracturableObjects/assets/Scripts/ScrollContentSizer.ts from cce:/internal/x/prerequisite-imports as file:///C:/Users/jmluc/FracturableObjects/assets/Scripts/ScrollContentSizer.ts.
debug: Resolve file:///C:/Users/jmluc/FracturableObjects/assets/Scripts/Tesselation/Tessellation.ts from cce:/internal/x/prerequisite-imports as file:///C:/Users/jmluc/FracturableObjects/assets/Scripts/Tesselation/Tessellation.ts.
debug: Resolve file:///C:/Users/jmluc/FracturableObjects/assets/Scripts/Tesselation/Tests/TessellationTest.ts from cce:/internal/x/prerequisite-imports as file:///C:/Users/jmluc/FracturableObjects/assets/Scripts/Tesselation/Tests/TessellationTest.ts.
debug: Resolve file:///C:/Users/jmluc/FracturableObjects/assets/Scripts/TestClasses.ts from cce:/internal/x/prerequisite-imports as file:///C:/Users/jmluc/FracturableObjects/assets/Scripts/TestClasses.ts.
debug: Resolve file:///C:/Users/jmluc/FracturableObjects/assets/Scripts/TestLoader.ts from cce:/internal/x/prerequisite-imports as file:///C:/Users/jmluc/FracturableObjects/assets/Scripts/TestLoader.ts.
debug: Resolve file:///C:/Users/jmluc/FracturableObjects/assets/Scripts/UTest.ts from cce:/internal/x/prerequisite-imports as file:///C:/Users/jmluc/FracturableObjects/assets/Scripts/UTest.ts.
debug: Resolve file:///C:/Users/jmluc/FracturableObjects/assets/Scripts/UnitTest.ts from cce:/internal/x/prerequisite-imports as file:///C:/Users/jmluc/FracturableObjects/assets/Scripts/UnitTest.ts.
debug: Resolve file:///C:/Users/jmluc/FracturableObjects/assets/Scripts/Voronoi.ts from cce:/internal/x/prerequisite-imports as file:///C:/Users/jmluc/FracturableObjects/assets/Scripts/Voronoi.ts.
debug: Resolve file:///C:/Users/jmluc/FracturableObjects/assets/Utest.utest.ts from cce:/internal/x/prerequisite-imports as file:///C:/Users/jmluc/FracturableObjects/assets/Utest.utest.ts.
debug: Target(preview) ends with cost 80.59369999170303ms.
